[INFO] Using device: cuda:0
[INFO] Model: unet
[INFO] train_mode1: ph2
[INFO] train_mode2: paired
[INFO] test_mode: ph2
[TXT LOAD] /data/zjy_work/data_txt/train_PH2_5p.txt
  image_root: /data/zjy_work/PH2/train/Images
  gt_root   : /data/zjy_work/PH2/train/Masks
  mode      : ph2
  ids=160, pairs=160, miss_img=0, miss_mask=0
[TXT LOAD] /data/zjy_work/data_txt/train_PH2_full_sbg_real5_syn15_seed0.txt
  image_root: /data/zjy_work/BGDiff/Ours/ablation_sbg/results/full_sbg_real5_syn15/images
  gt_root   : /data/zjy_work/BGDiff/Ours/ablation_sbg/results/full_sbg_real5_syn15/masks
  mode      : paired
  ids=387, pairs=387, miss_img=0, miss_mask=0
[FILTER] valid=547, drop_size_mismatch=0, drop_open_error=0
[TRAIN DATASET] augmentation=False
[TRAIN DATASET] total size=547
[INFO] image_roots = ['/data/zjy_work/PH2/train/Images', '/data/zjy_work/BGDiff/Ours/ablation_sbg/results/full_sbg_real5_syn15/images']
[INFO] gt_roots    = ['/data/zjy_work/PH2/train/Masks', '/data/zjy_work/BGDiff/Ours/ablation_sbg/results/full_sbg_real5_syn15/masks']
[INFO] list_txts   = ['/data/zjy_work/data_txt/train_PH2_5p.txt', '/data/zjy_work/data_txt/train_PH2_full_sbg_real5_syn15_seed0.txt']
[INFO] modes       = ['ph2', 'paired']
[INFO] total_step  = 136
#################### Start Training unet ####################
[LR] Epoch 001, lr=0.00010000
2026-06-17 09:21:35.582569 Epoch [001/200], Step [0050/0136], loss=1.0334, bce=0.5718, dice_loss=0.4616, max_mem=9534.03 MB
2026-06-17 09:21:42.274879 Epoch [001/200], Step [0100/0136], loss=0.9241, bce=0.4792, dice_loss=0.4449, max_mem=9534.03 MB
2026-06-17 09:21:47.087035 Epoch [001/200], Step [0136/0136], loss=0.8295, bce=0.4451, dice_loss=0.3844, max_mem=9534.03 MB
[TIME] Epoch 001, time=24.16s, total=24.16s
[TXT LOAD] /data/zjy_work/data_txt/test_PH2.txt
  image_root: /data/zjy_work/PH2/test/Images
  gt_root   : /data/zjy_work/PH2/test/Masks
  mode      : ph2
  ids=40, pairs=40, miss_img=0, miss_mask=0
[TEST DATASET] size=40
[EVAL] Epoch 001, train_loss=0.829495, Dice=0.653343, n=40
[BEST] Dice improved 0.000000 -> 0.653343
[LR] Epoch 002, lr=0.00010000
2026-06-17 09:21:57.417090 Epoch [002/200], Step [0050/0136], loss=0.8208, bce=0.4400, dice_loss=0.3808, max_mem=3537.92 MB
2026-06-17 09:22:04.100965 Epoch [002/200], Step [0100/0136], loss=0.8459, bce=0.4393, dice_loss=0.4066, max_mem=3537.92 MB
2026-06-17 09:22:08.918198 Epoch [002/200], Step [0136/0136], loss=0.7544, bce=0.3978, dice_loss=0.3566, max_mem=3537.92 MB
[TIME] Epoch 002, time=19.88s, total=44.03s
[TXT LOAD] /data/zjy_work/data_txt/test_PH2.txt
  image_root: /data/zjy_work/PH2/test/Images
  gt_root   : /data/zjy_work/PH2/test/Masks
  mode      : ph2
  ids=40, pairs=40, miss_img=0, miss_mask=0
[TEST DATASET] size=40
[EVAL] Epoch 002, train_loss=0.754439, Dice=0.623815, n=40
[LR] Epoch 003, lr=0.00010000
2026-06-17 09:22:17.986531 Epoch [003/200], Step [0050/0136], loss=0.7437, bce=0.3895, dice_loss=0.3542, max_mem=3537.92 MB
2026-06-17 09:22:24.681667 Epoch [003/200], Step [0100/0136], loss=0.7108, bce=0.3793, dice_loss=0.3315, max_mem=3537.92 MB
2026-06-17 09:22:29.498089 Epoch [003/200], Step [0136/0136], loss=0.7083, bce=0.3706, dice_loss=0.3377, max_mem=3537.92 MB
[TIME] Epoch 003, time=19.60s, total=63.63s
[TXT LOAD] /data/zjy_work/data_txt/test_PH2.txt
  image_root: /data/zjy_work/PH2/test/Images
  gt_root   : /data/zjy_work/PH2/test/Masks
  mode      : ph2
  ids=40, pairs=40, miss_img=0, miss_mask=0
[TEST DATASET] size=40
[EVAL] Epoch 003, train_loss=0.708300, Dice=0.802511, n=40
[BEST] Dice improved 0.653343 -> 0.802511
[LR] Epoch 004, lr=0.00010000
2026-06-17 09:22:38.779302 Epoch [004/200], Step [0050/0136], loss=0.7237, bce=0.3702, dice_loss=0.3535, max_mem=3537.92 MB
2026-06-17 09:22:45.473846 Epoch [004/200], Step [0100/0136], loss=0.6357, bce=0.3285, dice_loss=0.3072, max_mem=3537.92 MB
2026-06-17 09:22:50.289553 Epoch [004/200], Step [0136/0136], loss=0.6174, bce=0.3318, dice_loss=0.2856, max_mem=3537.92 MB
[TIME] Epoch 004, time=19.49s, total=83.12s
[TXT LOAD] /data/zjy_work/data_txt/test_PH2.txt
  image_root: /data/zjy_work/PH2/test/Images
  gt_root   : /data/zjy_work/PH2/test/Masks
  mode      : ph2
  ids=40, pairs=40, miss_img=0, miss_mask=0
[TEST DATASET] size=40
[EVAL] Epoch 004, train_loss=0.617381, Dice=0.791583, n=40
[LR] Epoch 005, lr=0.00010000
2026-06-17 09:22:59.324170 Epoch [005/200], Step [0050/0136], loss=0.6526, bce=0.3467, dice_loss=0.3059, max_mem=3537.92 MB
2026-06-17 09:23:06.039873 Epoch [005/200], Step [0100/0136], loss=0.6231, bce=0.3188, dice_loss=0.3042, max_mem=3537.92 MB
2026-06-17 09:23:10.874804 Epoch [005/200], Step [0136/0136], loss=0.5605, bce=0.2934, dice_loss=0.2671, max_mem=3537.92 MB
[TIME] Epoch 005, time=19.61s, total=102.73s
[TXT LOAD] /data/zjy_work/data_txt/test_PH2.txt
  image_root: /data/zjy_work/PH2/test/Images
  gt_root   : /data/zjy_work/PH2/test/Masks
  mode      : ph2
  ids=40, pairs=40, miss_img=0, miss_mask=0
[TEST DATASET] size=40
[EVAL] Epoch 005, train_loss=0.560520, Dice=0.817618, n=40
[BEST] Dice improved 0.802511 -> 0.817618
[LR] Epoch 006, lr=0.00010000
2026-06-17 09:23:20.535209 Epoch [006/200], Step [0050/0136], loss=0.5780, bce=0.2953, dice_loss=0.2828, max_mem=3537.92 MB
2026-06-17 09:23:27.270558 Epoch [006/200], Step [0100/0136], loss=0.5677, bce=0.3075, dice_loss=0.2602, max_mem=3537.92 MB
2026-06-17 09:23:32.118899 Epoch [006/200], Step [0136/0136], loss=0.5955, bce=0.3105, dice_loss=0.2850, max_mem=3537.92 MB
[TIME] Epoch 006, time=19.90s, total=122.63s
[TXT LOAD] /data/zjy_work/data_txt/test_PH2.txt
  image_root: /data/zjy_work/PH2/test/Images
  gt_root   : /data/zjy_work/PH2/test/Masks
  mode      : ph2
  ids=40, pairs=40, miss_img=0, miss_mask=0
[TEST DATASET] size=40
[EVAL] Epoch 006, train_loss=0.595523, Dice=0.833996, n=40
[BEST] Dice improved 0.817618 -> 0.833996
[LR] Epoch 007, lr=0.00010000
2026-06-17 09:23:41.341938 Epoch [007/200], Step [0050/0136], loss=0.5044, bce=0.2725, dice_loss=0.2319, max_mem=3537.92 MB
2026-06-17 09:23:48.076293 Epoch [007/200], Step [0100/0136], loss=0.5890, bce=0.3149, dice_loss=0.2741, max_mem=3537.92 MB
2026-06-17 09:23:52.918426 Epoch [007/200], Step [0136/0136], loss=0.5586, bce=0.2890, dice_loss=0.2695, max_mem=3537.92 MB
[TIME] Epoch 007, time=19.55s, total=142.18s
[TXT LOAD] /data/zjy_work/data_txt/test_PH2.txt
  image_root: /data/zjy_work/PH2/test/Images
  gt_root   : /data/zjy_work/PH2/test/Masks
  mode      : ph2
  ids=40, pairs=40, miss_img=0, miss_mask=0
[TEST DATASET] size=40
[EVAL] Epoch 007, train_loss=0.558570, Dice=0.828700, n=40
[LR] Epoch 008, lr=0.00010000
2026-06-17 09:24:02.292235 Epoch [008/200], Step [0050/0136], loss=0.5323, bce=0.2672, dice_loss=0.2652, max_mem=3537.92 MB
2026-06-17 09:24:09.041208 Epoch [008/200], Step [0100/0136], loss=0.5109, bce=0.2771, dice_loss=0.2338, max_mem=3537.92 MB
2026-06-17 09:24:13.890608 Epoch [008/200], Step [0136/0136], loss=0.5019, bce=0.2723, dice_loss=0.2296, max_mem=3537.92 MB
[TIME] Epoch 008, time=19.77s, total=161.95s
[TXT LOAD] /data/zjy_work/data_txt/test_PH2.txt
  image_root: /data/zjy_work/PH2/test/Images
  gt_root   : /data/zjy_work/PH2/test/Masks
  mode      : ph2
  ids=40, pairs=40, miss_img=0, miss_mask=0
[TEST DATASET] size=40
[EVAL] Epoch 008, train_loss=0.501914, Dice=0.811255, n=40
[LR] Epoch 009, lr=0.00010000
2026-06-17 09:24:23.036265 Epoch [009/200], Step [0050/0136], loss=0.6058, bce=0.3391, dice_loss=0.2667, max_mem=3537.92 MB
2026-06-17 09:24:29.773748 Epoch [009/200], Step [0100/0136], loss=0.4414, bce=0.2258, dice_loss=0.2155, max_mem=3537.92 MB
2026-06-17 09:24:34.629547 Epoch [009/200], Step [0136/0136], loss=0.5094, bce=0.2550, dice_loss=0.2544, max_mem=3537.92 MB
[TIME] Epoch 009, time=19.79s, total=181.74s
[TXT LOAD] /data/zjy_work/data_txt/test_PH2.txt
  image_root: /data/zjy_work/PH2/test/Images
  gt_root   : /data/zjy_work/PH2/test/Masks
  mode      : ph2
  ids=40, pairs=40, miss_img=0, miss_mask=0
[TEST DATASET] size=40
[EVAL] Epoch 009, train_loss=0.509352, Dice=0.838576, n=40
[BEST] Dice improved 0.833996 -> 0.838576
[LR] Epoch 010, lr=0.00010000
2026-06-17 09:24:44.575478 Epoch [010/200], Step [0050/0136], loss=0.5228, bce=0.2948, dice_loss=0.2280, max_mem=3537.92 MB
2026-06-17 09:24:51.316246 Epoch [010/200], Step [0100/0136], loss=0.5145, bce=0.2646, dice_loss=0.2499, max_mem=3537.92 MB
2026-06-17 09:24:56.164631 Epoch [010/200], Step [0136/0136], loss=0.4699, bce=0.2390, dice_loss=0.2309, max_mem=3537.92 MB
[TIME] Epoch 010, time=19.50s, total=201.24s
[TXT LOAD] /data/zjy_work/data_txt/test_PH2.txt
  image_root: /data/zjy_work/PH2/test/Images
  gt_root   : /data/zjy_work/PH2/test/Masks
  mode      : ph2
  ids=40, pairs=40, miss_img=0, miss_mask=0
[TEST DATASET] size=40
[EVAL] Epoch 010, train_loss=0.469874, Dice=0.811569, n=40
[LR] Epoch 011, lr=0.00010000
2026-06-17 09:25:05.684936 Epoch [011/200], Step [0050/0136], loss=0.4780, bce=0.2500, dice_loss=0.2280, max_mem=3537.92 MB
2026-06-17 09:25:12.445866 Epoch [011/200], Step [0100/0136], loss=0.4775, bce=0.2550, dice_loss=0.2225, max_mem=3537.92 MB
2026-06-17 09:25:17.299527 Epoch [011/200], Step [0136/0136], loss=0.4885, bce=0.2461, dice_loss=0.2424, max_mem=3537.92 MB
[TIME] Epoch 011, time=19.91s, total=221.14s
[TXT LOAD] /data/zjy_work/data_txt/test_PH2.txt
  image_root: /data/zjy_work/PH2/test/Images
  gt_root   : /data/zjy_work/PH2/test/Masks
  mode      : ph2
  ids=40, pairs=40, miss_img=0, miss_mask=0
[TEST DATASET] size=40
[EVAL] Epoch 011, train_loss=0.488509, Dice=0.807290, n=40
[LR] Epoch 012, lr=0.00010000
2026-06-17 09:25:26.278718 Epoch [012/200], Step [0050/0136], loss=0.5039, bce=0.2602, dice_loss=0.2437, max_mem=3537.92 MB
2026-06-17 09:25:33.038961 Epoch [012/200], Step [0100/0136], loss=0.4780, bce=0.2495, dice_loss=0.2285, max_mem=3537.92 MB
2026-06-17 09:25:37.896481 Epoch [012/200], Step [0136/0136], loss=0.4488, bce=0.2462, dice_loss=0.2026, max_mem=3537.92 MB
[TIME] Epoch 012, time=19.69s, total=240.84s
[TXT LOAD] /data/zjy_work/data_txt/test_PH2.txt
  image_root: /data/zjy_work/PH2/test/Images
  gt_root   : /data/zjy_work/PH2/test/Masks
  mode      : ph2
  ids=40, pairs=40, miss_img=0, miss_mask=0
[TEST DATASET] size=40
[EVAL] Epoch 012, train_loss=0.448798, Dice=0.853032, n=40
[BEST] Dice improved 0.838576 -> 0.853032
[LR] Epoch 013, lr=0.00010000
2026-06-17 09:25:48.186224 Epoch [013/200], Step [0050/0136], loss=0.4395, bce=0.2145, dice_loss=0.2249, max_mem=3537.92 MB
2026-06-17 09:25:54.950271 Epoch [013/200], Step [0100/0136], loss=0.4908, bce=0.2712, dice_loss=0.2197, max_mem=3537.92 MB
2026-06-17 09:25:59.812437 Epoch [013/200], Step [0136/0136], loss=0.4935, bce=0.2671, dice_loss=0.2263, max_mem=3537.92 MB
[TIME] Epoch 013, time=19.95s, total=260.78s
[TXT LOAD] /data/zjy_work/data_txt/test_PH2.txt
  image_root: /data/zjy_work/PH2/test/Images
  gt_root   : /data/zjy_work/PH2/test/Masks
  mode      : ph2
  ids=40, pairs=40, miss_img=0, miss_mask=0
[TEST DATASET] size=40
[EVAL] Epoch 013, train_loss=0.493459, Dice=0.832026, n=40
[LR] Epoch 014, lr=0.00010000
2026-06-17 09:26:08.798802 Epoch [014/200], Step [0050/0136], loss=0.4538, bce=0.2382, dice_loss=0.2156, max_mem=3537.92 MB
2026-06-17 09:26:15.548640 Epoch [014/200], Step [0100/0136], loss=0.4167, bce=0.2302, dice_loss=0.1865, max_mem=3537.92 MB
2026-06-17 09:26:20.402545 Epoch [014/200], Step [0136/0136], loss=0.4135, bce=0.2259, dice_loss=0.1876, max_mem=3537.92 MB
[TIME] Epoch 014, time=19.63s, total=280.41s
[TXT LOAD] /data/zjy_work/data_txt/test_PH2.txt
  image_root: /data/zjy_work/PH2/test/Images
  gt_root   : /data/zjy_work/PH2/test/Masks
  mode      : ph2
  ids=40, pairs=40, miss_img=0, miss_mask=0
[TEST DATASET] size=40
[EVAL] Epoch 014, train_loss=0.413475, Dice=0.844221, n=40
[LR] Epoch 015, lr=0.00010000
2026-06-17 09:26:29.304162 Epoch [015/200], Step [0050/0136], loss=0.4772, bce=0.2729, dice_loss=0.2043, max_mem=3537.92 MB
2026-06-17 09:26:36.064938 Epoch [015/200], Step [0100/0136], loss=0.3892, bce=0.2037, dice_loss=0.1855, max_mem=3537.92 MB
2026-06-17 09:26:40.924202 Epoch [015/200], Step [0136/0136], loss=0.3908, bce=0.1865, dice_loss=0.2043, max_mem=3537.92 MB
[TIME] Epoch 015, time=19.57s, total=299.99s
[TXT LOAD] /data/zjy_work/data_txt/test_PH2.txt
  image_root: /data/zjy_work/PH2/test/Images
  gt_root   : /data/zjy_work/PH2/test/Masks
  mode      : ph2
  ids=40, pairs=40, miss_img=0, miss_mask=0
[TEST DATASET] size=40
[EVAL] Epoch 015, train_loss=0.390759, Dice=0.852544, n=40
[LR] Epoch 016, lr=0.00010000
2026-06-17 09:26:50.092946 Epoch [016/200], Step [0050/0136], loss=0.3867, bce=0.2010, dice_loss=0.1858, max_mem=3537.92 MB
2026-06-17 09:26:56.861843 Epoch [016/200], Step [0100/0136], loss=0.4187, bce=0.2255, dice_loss=0.1932, max_mem=3537.92 MB
2026-06-17 09:27:01.719852 Epoch [016/200], Step [0136/0136], loss=0.4445, bce=0.2331, dice_loss=0.2114, max_mem=3537.92 MB
[TIME] Epoch 016, time=19.91s, total=319.90s
[TXT LOAD] /data/zjy_work/data_txt/test_PH2.txt
  image_root: /data/zjy_work/PH2/test/Images
  gt_root   : /data/zjy_work/PH2/test/Masks
  mode      : ph2
  ids=40, pairs=40, miss_img=0, miss_mask=0
[TEST DATASET] size=40
[EVAL] Epoch 016, train_loss=0.444519, Dice=0.835156, n=40
[LR] Epoch 017, lr=0.00010000
2026-06-17 09:27:10.959703 Epoch [017/200], Step [0050/0136], loss=0.3759, bce=0.2004, dice_loss=0.1755, max_mem=3537.92 MB
2026-06-17 09:27:17.718384 Epoch [017/200], Step [0100/0136], loss=0.3824, bce=0.2036, dice_loss=0.1788, max_mem=3537.92 MB
2026-06-17 09:27:22.574118 Epoch [017/200], Step [0136/0136], loss=0.3999, bce=0.2134, dice_loss=0.1865, max_mem=3537.92 MB
[TIME] Epoch 017, time=19.94s, total=339.84s
[TXT LOAD] /data/zjy_work/data_txt/test_PH2.txt
  image_root: /data/zjy_work/PH2/test/Images
  gt_root   : /data/zjy_work/PH2/test/Masks
  mode      : ph2
  ids=40, pairs=40, miss_img=0, miss_mask=0
[TEST DATASET] size=40
[EVAL] Epoch 017, train_loss=0.399897, Dice=0.854285, n=40
[BEST] Dice improved 0.853032 -> 0.854285
[LR] Epoch 018, lr=0.00010000
2026-06-17 09:27:33.461137 Epoch [018/200], Step [0050/0136], loss=0.3959, bce=0.2016, dice_loss=0.1943, max_mem=3537.92 MB
2026-06-17 09:27:40.213479 Epoch [018/200], Step [0100/0136], loss=0.3885, bce=0.2096, dice_loss=0.1789, max_mem=3537.92 MB
2026-06-17 09:27:45.089532 Epoch [018/200], Step [0136/0136], loss=0.4283, bce=0.2337, dice_loss=0.1946, max_mem=3537.92 MB
[TIME] Epoch 018, time=19.60s, total=359.44s
[TXT LOAD] /data/zjy_work/data_txt/test_PH2.txt
  image_root: /data/zjy_work/PH2/test/Images
  gt_root   : /data/zjy_work/PH2/test/Masks
  mode      : ph2
  ids=40, pairs=40, miss_img=0, miss_mask=0
[TEST DATASET] size=40
[EVAL] Epoch 018, train_loss=0.428341, Dice=0.775919, n=40
[LR] Epoch 019, lr=0.00010000
2026-06-17 09:27:54.566334 Epoch [019/200], Step [0050/0136], loss=0.3694, bce=0.1941, dice_loss=0.1753, max_mem=3537.92 MB
2026-06-17 09:28:01.322391 Epoch [019/200], Step [0100/0136], loss=0.3619, bce=0.2000, dice_loss=0.1619, max_mem=3537.92 MB
2026-06-17 09:28:06.185900 Epoch [019/200], Step [0136/0136], loss=0.3474, bce=0.1839, dice_loss=0.1634, max_mem=3537.92 MB
[TIME] Epoch 019, time=19.60s, total=379.04s
[TXT LOAD] /data/zjy_work/data_txt/test_PH2.txt
  image_root: /data/zjy_work/PH2/test/Images
  gt_root   : /data/zjy_work/PH2/test/Masks
  mode      : ph2
  ids=40, pairs=40, miss_img=0, miss_mask=0
[TEST DATASET] size=40
[EVAL] Epoch 019, train_loss=0.347384, Dice=0.871060, n=40
[BEST] Dice improved 0.854285 -> 0.871060
[LR] Epoch 020, lr=0.00010000
2026-06-17 09:28:15.847665 Epoch [020/200], Step [0050/0136], loss=0.3691, bce=0.1973, dice_loss=0.1718, max_mem=3537.92 MB
2026-06-17 09:28:22.603793 Epoch [020/200], Step [0100/0136], loss=0.3779, bce=0.2123, dice_loss=0.1656, max_mem=3537.92 MB
2026-06-17 09:28:27.463986 Epoch [020/200], Step [0136/0136], loss=0.3812, bce=0.2085, dice_loss=0.1727, max_mem=3537.92 MB
[TIME] Epoch 020, time=19.89s, total=398.92s
[TXT LOAD] /data/zjy_work/data_txt/test_PH2.txt
  image_root: /data/zjy_work/PH2/test/Images
  gt_root   : /data/zjy_work/PH2/test/Masks
  mode      : ph2
  ids=40, pairs=40, miss_img=0, miss_mask=0
[TEST DATASET] size=40
[EVAL] Epoch 020, train_loss=0.381217, Dice=0.812510, n=40
[LR] Epoch 021, lr=0.00010000
2026-06-17 09:28:36.867979 Epoch [021/200], Step [0050/0136], loss=0.3564, bce=0.1784, dice_loss=0.1780, max_mem=3537.92 MB
2026-06-17 09:28:43.633685 Epoch [021/200], Step [0100/0136], loss=0.3919, bce=0.2241, dice_loss=0.1678, max_mem=3537.92 MB
2026-06-17 09:28:48.500085 Epoch [021/200], Step [0136/0136], loss=0.3431, bce=0.1897, dice_loss=0.1534, max_mem=3537.92 MB
[TIME] Epoch 021, time=19.77s, total=418.69s
[TXT LOAD] /data/zjy_work/data_txt/test_PH2.txt
  image_root: /data/zjy_work/PH2/test/Images
  gt_root   : /data/zjy_work/PH2/test/Masks
  mode      : ph2
  ids=40, pairs=40, miss_img=0, miss_mask=0
[TEST DATASET] size=40
[EVAL] Epoch 021, train_loss=0.343101, Dice=0.849509, n=40
[LR] Epoch 022, lr=0.00010000
2026-06-17 09:28:57.970444 Epoch [022/200], Step [0050/0136], loss=0.3348, bce=0.1805, dice_loss=0.1543, max_mem=3537.92 MB
2026-06-17 09:29:04.741459 Epoch [022/200], Step [0100/0136], loss=0.3448, bce=0.1910, dice_loss=0.1538, max_mem=3537.92 MB
2026-06-17 09:29:09.607386 Epoch [022/200], Step [0136/0136], loss=0.3287, bce=0.1785, dice_loss=0.1501, max_mem=3537.92 MB
[TIME] Epoch 022, time=19.94s, total=438.63s
[TXT LOAD] /data/zjy_work/data_txt/test_PH2.txt
  image_root: /data/zjy_work/PH2/test/Images
  gt_root   : /data/zjy_work/PH2/test/Masks
  mode      : ph2
  ids=40, pairs=40, miss_img=0, miss_mask=0
[TEST DATASET] size=40
[EVAL] Epoch 022, train_loss=0.328677, Dice=0.855511, n=40
[LR] Epoch 023, lr=0.00010000
2026-06-17 09:29:18.732077 Epoch [023/200], Step [0050/0136], loss=0.3085, bce=0.1659, dice_loss=0.1426, max_mem=3537.92 MB
2026-06-17 09:29:25.502400 Epoch [023/200], Step [0100/0136], loss=0.2965, bce=0.1646, dice_loss=0.1319, max_mem=3537.92 MB
2026-06-17 09:29:30.366588 Epoch [023/200], Step [0136/0136], loss=0.3343, bce=0.1805, dice_loss=0.1538, max_mem=3537.92 MB
[TIME] Epoch 023, time=19.79s, total=458.43s
[TXT LOAD] /data/zjy_work/data_txt/test_PH2.txt
  image_root: /data/zjy_work/PH2/test/Images
  gt_root   : /data/zjy_work/PH2/test/Masks
  mode      : ph2
  ids=40, pairs=40, miss_img=0, miss_mask=0
[TEST DATASET] size=40
[EVAL] Epoch 023, train_loss=0.334328, Dice=0.872468, n=40
[BEST] Dice improved 0.871060 -> 0.872468
[LR] Epoch 024, lr=0.00010000
2026-06-17 09:29:39.979386 Epoch [024/200], Step [0050/0136], loss=0.3227, bce=0.1812, dice_loss=0.1415, max_mem=3537.92 MB
2026-06-17 09:29:46.747085 Epoch [024/200], Step [0100/0136], loss=0.2885, bce=0.1627, dice_loss=0.1258, max_mem=3537.92 MB
2026-06-17 09:29:51.618893 Epoch [024/200], Step [0136/0136], loss=0.3438, bce=0.1870, dice_loss=0.1568, max_mem=3537.92 MB
[TIME] Epoch 024, time=20.03s, total=478.45s
[TXT LOAD] /data/zjy_work/data_txt/test_PH2.txt
  image_root: /data/zjy_work/PH2/test/Images
  gt_root   : /data/zjy_work/PH2/test/Masks
  mode      : ph2
  ids=40, pairs=40, miss_img=0, miss_mask=0
[TEST DATASET] size=40
[EVAL] Epoch 024, train_loss=0.343764, Dice=0.829682, n=40
[LR] Epoch 025, lr=0.00010000
2026-06-17 09:30:00.959846 Epoch [025/200], Step [0050/0136], loss=0.2994, bce=0.1700, dice_loss=0.1293, max_mem=3537.92 MB
2026-06-17 09:30:07.727925 Epoch [025/200], Step [0100/0136], loss=0.3082, bce=0.1682, dice_loss=0.1400, max_mem=3537.92 MB
2026-06-17 09:30:12.594382 Epoch [025/200], Step [0136/0136], loss=0.2968, bce=0.1582, dice_loss=0.1385, max_mem=3537.92 MB
[TIME] Epoch 025, time=19.93s, total=498.38s
[TXT LOAD] /data/zjy_work/data_txt/test_PH2.txt
  image_root: /data/zjy_work/PH2/test/Images
  gt_root   : /data/zjy_work/PH2/test/Masks
  mode      : ph2
  ids=40, pairs=40, miss_img=0, miss_mask=0
[TEST DATASET] size=40
[EVAL] Epoch 025, train_loss=0.296757, Dice=0.897867, n=40
[BEST] Dice improved 0.872468 -> 0.897867
[LR] Epoch 026, lr=0.00010000
2026-06-17 09:30:22.098513 Epoch [026/200], Step [0050/0136], loss=0.2784, bce=0.1425, dice_loss=0.1359, max_mem=3537.92 MB
2026-06-17 09:30:28.862793 Epoch [026/200], Step [0100/0136], loss=0.2852, bce=0.1627, dice_loss=0.1224, max_mem=3537.92 MB
2026-06-17 09:30:33.725641 Epoch [026/200], Step [0136/0136], loss=0.3123, bce=0.1725, dice_loss=0.1398, max_mem=3537.92 MB
[TIME] Epoch 026, time=19.91s, total=518.29s
[TXT LOAD] /data/zjy_work/data_txt/test_PH2.txt
  image_root: /data/zjy_work/PH2/test/Images
  gt_root   : /data/zjy_work/PH2/test/Masks
  mode      : ph2
  ids=40, pairs=40, miss_img=0, miss_mask=0
[TEST DATASET] size=40
[EVAL] Epoch 026, train_loss=0.312343, Dice=0.874172, n=40
[LR] Epoch 027, lr=0.00010000
2026-06-17 09:30:43.089463 Epoch [027/200], Step [0050/0136], loss=0.3460, bce=0.1980, dice_loss=0.1480, max_mem=3537.92 MB
2026-06-17 09:30:49.854169 Epoch [027/200], Step [0100/0136], loss=0.2914, bce=0.1629, dice_loss=0.1286, max_mem=3537.92 MB
2026-06-17 09:30:54.731320 Epoch [027/200], Step [0136/0136], loss=0.2821, bce=0.1466, dice_loss=0.1354, max_mem=3537.92 MB
[TIME] Epoch 027, time=19.98s, total=538.27s
[TXT LOAD] /data/zjy_work/data_txt/test_PH2.txt
  image_root: /data/zjy_work/PH2/test/Images
  gt_root   : /data/zjy_work/PH2/test/Masks
  mode      : ph2
  ids=40, pairs=40, miss_img=0, miss_mask=0
[TEST DATASET] size=40
[EVAL] Epoch 027, train_loss=0.282071, Dice=0.886770, n=40
[LR] Epoch 028, lr=0.00010000
2026-06-17 09:31:05.052004 Epoch [028/200], Step [0050/0136], loss=0.3296, bce=0.1691, dice_loss=0.1605, max_mem=3537.92 MB
2026-06-17 09:31:11.836652 Epoch [028/200], Step [0100/0136], loss=0.2893, bce=0.1642, dice_loss=0.1251, max_mem=3537.92 MB
2026-06-17 09:31:16.708259 Epoch [028/200], Step [0136/0136], loss=0.2578, bce=0.1555, dice_loss=0.1023, max_mem=3537.92 MB
[TIME] Epoch 028, time=19.62s, total=557.90s
[TXT LOAD] /data/zjy_work/data_txt/test_PH2.txt
  image_root: /data/zjy_work/PH2/test/Images
  gt_root   : /data/zjy_work/PH2/test/Masks
  mode      : ph2
  ids=40, pairs=40, miss_img=0, miss_mask=0
[TEST DATASET] size=40
[EVAL] Epoch 028, train_loss=0.257839, Dice=0.887270, n=40
[LR] Epoch 029, lr=0.00010000
2026-06-17 09:31:25.813097 Epoch [029/200], Step [0050/0136], loss=0.3199, bce=0.1899, dice_loss=0.1299, max_mem=3537.92 MB
2026-06-17 09:31:32.582573 Epoch [029/200], Step [0100/0136], loss=0.2617, bce=0.1451, dice_loss=0.1167, max_mem=3537.92 MB
2026-06-17 09:31:37.450298 Epoch [029/200], Step [0136/0136], loss=0.2209, bce=0.1197, dice_loss=0.1012, max_mem=3537.92 MB
[TIME] Epoch 029, time=19.68s, total=577.58s
[TXT LOAD] /data/zjy_work/data_txt/test_PH2.txt
  image_root: /data/zjy_work/PH2/test/Images
  gt_root   : /data/zjy_work/PH2/test/Masks
  mode      : ph2
  ids=40, pairs=40, miss_img=0, miss_mask=0
[TEST DATASET] size=40
[EVAL] Epoch 029, train_loss=0.220866, Dice=0.869711, n=40
[LR] Epoch 030, lr=0.00010000
2026-06-17 09:31:46.556301 Epoch [030/200], Step [0050/0136], loss=0.2819, bce=0.1639, dice_loss=0.1180, max_mem=3537.92 MB
2026-06-17 09:31:53.319332 Epoch [030/200], Step [0100/0136], loss=0.2608, bce=0.1404, dice_loss=0.1204, max_mem=3537.92 MB
2026-06-17 09:31:58.183526 Epoch [030/200], Step [0136/0136], loss=0.2704, bce=0.1475, dice_loss=0.1230, max_mem=3537.92 MB
[TIME] Epoch 030, time=19.51s, total=597.08s
[TXT LOAD] /data/zjy_work/data_txt/test_PH2.txt
  image_root: /data/zjy_work/PH2/test/Images
  gt_root   : /data/zjy_work/PH2/test/Masks
  mode      : ph2
  ids=40, pairs=40, miss_img=0, miss_mask=0
[TEST DATASET] size=40
[EVAL] Epoch 030, train_loss=0.270440, Dice=0.891561, n=40
[LR] Epoch 031, lr=0.00010000
2026-06-17 09:32:07.150981 Epoch [031/200], Step [0050/0136], loss=0.2385, bce=0.1337, dice_loss=0.1048, max_mem=3537.92 MB
2026-06-17 09:32:13.916320 Epoch [031/200], Step [0100/0136], loss=0.2587, bce=0.1417, dice_loss=0.1170, max_mem=3537.92 MB
2026-06-17 09:32:18.777074 Epoch [031/200], Step [0136/0136], loss=0.2770, bce=0.1573, dice_loss=0.1197, max_mem=3537.92 MB
[TIME] Epoch 031, time=19.65s, total=616.73s
[TXT LOAD] /data/zjy_work/data_txt/test_PH2.txt
  image_root: /data/zjy_work/PH2/test/Images
  gt_root   : /data/zjy_work/PH2/test/Masks
  mode      : ph2
  ids=40, pairs=40, miss_img=0, miss_mask=0
[TEST DATASET] size=40
[EVAL] Epoch 031, train_loss=0.277024, Dice=0.876868, n=40
[LR] Epoch 032, lr=0.00010000
2026-06-17 09:32:27.949172 Epoch [032/200], Step [0050/0136], loss=0.2214, bce=0.1255, dice_loss=0.0958, max_mem=3537.92 MB
2026-06-17 09:32:34.701580 Epoch [032/200], Step [0100/0136], loss=0.2319, bce=0.1247, dice_loss=0.1071, max_mem=3537.92 MB
2026-06-17 09:32:39.561294 Epoch [032/200], Step [0136/0136], loss=0.2497, bce=0.1438, dice_loss=0.1059, max_mem=3537.92 MB
[TIME] Epoch 032, time=19.83s, total=636.56s
[TXT LOAD] /data/zjy_work/data_txt/test_PH2.txt
  image_root: /data/zjy_work/PH2/test/Images
  gt_root   : /data/zjy_work/PH2/test/Masks
  mode      : ph2
  ids=40, pairs=40, miss_img=0, miss_mask=0
[TEST DATASET] size=40
[EVAL] Epoch 032, train_loss=0.249748, Dice=0.875983, n=40
[LR] Epoch 033, lr=0.00010000
2026-06-17 09:32:48.594971 Epoch [033/200], Step [0050/0136], loss=0.2790, bce=0.1677, dice_loss=0.1114, max_mem=3537.92 MB
2026-06-17 09:32:55.362883 Epoch [033/200], Step [0100/0136], loss=0.2707, bce=0.1495, dice_loss=0.1213, max_mem=3537.92 MB
2026-06-17 09:33:00.224705 Epoch [033/200], Step [0136/0136], loss=0.2480, bce=0.1308, dice_loss=0.1172, max_mem=3537.92 MB
[TIME] Epoch 033, time=19.70s, total=656.25s
[TXT LOAD] /data/zjy_work/data_txt/test_PH2.txt
  image_root: /data/zjy_work/PH2/test/Images
  gt_root   : /data/zjy_work/PH2/test/Masks
  mode      : ph2
  ids=40, pairs=40, miss_img=0, miss_mask=0
[TEST DATASET] size=40
[EVAL] Epoch 033, train_loss=0.247996, Dice=0.875762, n=40
[LR] Epoch 034, lr=0.00010000
2026-06-17 09:33:09.618740 Epoch [034/200], Step [0050/0136], loss=0.2417, bce=0.1350, dice_loss=0.1067, max_mem=3537.92 MB
2026-06-17 09:33:16.380869 Epoch [034/200], Step [0100/0136], loss=0.2152, bce=0.1196, dice_loss=0.0957, max_mem=3537.92 MB
2026-06-17 09:33:21.242609 Epoch [034/200], Step [0136/0136], loss=0.2320, bce=0.1259, dice_loss=0.1061, max_mem=3537.92 MB
[TIME] Epoch 034, time=19.80s, total=676.05s
[TXT LOAD] /data/zjy_work/data_txt/test_PH2.txt
  image_root: /data/zjy_work/PH2/test/Images
  gt_root   : /data/zjy_work/PH2/test/Masks
  mode      : ph2
  ids=40, pairs=40, miss_img=0, miss_mask=0
[TEST DATASET] size=40
[EVAL] Epoch 034, train_loss=0.232048, Dice=0.887590, n=40
[LR] Epoch 035, lr=0.00010000
2026-06-17 09:33:30.475686 Epoch [035/200], Step [0050/0136], loss=0.2460, bce=0.1488, dice_loss=0.0972, max_mem=3537.92 MB
2026-06-17 09:33:37.233779 Epoch [035/200], Step [0100/0136], loss=0.2458, bce=0.1343, dice_loss=0.1115, max_mem=3537.92 MB
2026-06-17 09:33:42.112235 Epoch [035/200], Step [0136/0136], loss=0.2089, bce=0.1212, dice_loss=0.0878, max_mem=3537.92 MB
[TIME] Epoch 035, time=19.70s, total=695.75s
[TXT LOAD] /data/zjy_work/data_txt/test_PH2.txt
  image_root: /data/zjy_work/PH2/test/Images
  gt_root   : /data/zjy_work/PH2/test/Masks
  mode      : ph2
  ids=40, pairs=40, miss_img=0, miss_mask=0
[TEST DATASET] size=40
[EVAL] Epoch 035, train_loss=0.208944, Dice=0.895146, n=40
[LR] Epoch 036, lr=0.00010000
2026-06-17 09:33:51.095211 Epoch [036/200], Step [0050/0136], loss=0.2184, bce=0.1212, dice_loss=0.0972, max_mem=3537.92 MB
2026-06-17 09:33:57.866153 Epoch [036/200], Step [0100/0136], loss=0.2229, bce=0.1342, dice_loss=0.0888, max_mem=3537.92 MB
2026-06-17 09:34:02.730456 Epoch [036/200], Step [0136/0136], loss=0.2336, bce=0.1273, dice_loss=0.1063, max_mem=3537.92 MB
[TIME] Epoch 036, time=19.65s, total=715.40s
[TXT LOAD] /data/zjy_work/data_txt/test_PH2.txt
  image_root: /data/zjy_work/PH2/test/Images
  gt_root   : /data/zjy_work/PH2/test/Masks
  mode      : ph2
  ids=40, pairs=40, miss_img=0, miss_mask=0
[TEST DATASET] size=40
[EVAL] Epoch 036, train_loss=0.233563, Dice=0.875268, n=40
[LR] Epoch 037, lr=0.00010000
2026-06-17 09:34:12.083359 Epoch [037/200], Step [0050/0136], loss=0.2108, bce=0.1228, dice_loss=0.0880, max_mem=3537.92 MB
2026-06-17 09:34:18.847394 Epoch [037/200], Step [0100/0136], loss=0.2416, bce=0.1374, dice_loss=0.1041, max_mem=3537.92 MB
2026-06-17 09:34:23.716765 Epoch [037/200], Step [0136/0136], loss=0.2254, bce=0.1222, dice_loss=0.1032, max_mem=3537.92 MB
[TIME] Epoch 037, time=19.81s, total=735.20s
[TXT LOAD] /data/zjy_work/data_txt/test_PH2.txt
  image_root: /data/zjy_work/PH2/test/Images
  gt_root   : /data/zjy_work/PH2/test/Masks
  mode      : ph2
  ids=40, pairs=40, miss_img=0, miss_mask=0
[TEST DATASET] size=40
[EVAL] Epoch 037, train_loss=0.225437, Dice=0.882198, n=40
[LR] Epoch 038, lr=0.00010000
2026-06-17 09:34:32.742290 Epoch [038/200], Step [0050/0136], loss=0.2041, bce=0.1172, dice_loss=0.0869, max_mem=3537.92 MB
2026-06-17 09:34:39.513029 Epoch [038/200], Step [0100/0136], loss=0.2191, bce=0.1156, dice_loss=0.1035, max_mem=3537.92 MB
2026-06-17 09:34:44.381989 Epoch [038/200], Step [0136/0136], loss=0.1806, bce=0.1021, dice_loss=0.0785, max_mem=3537.92 MB
[TIME] Epoch 038, time=19.61s, total=754.81s
[TXT LOAD] /data/zjy_work/data_txt/test_PH2.txt
  image_root: /data/zjy_work/PH2/test/Images
  gt_root   : /data/zjy_work/PH2/test/Masks
  mode      : ph2
  ids=40, pairs=40, miss_img=0, miss_mask=0
[TEST DATASET] size=40
[EVAL] Epoch 038, train_loss=0.180590, Dice=0.881765, n=40
[LR] Epoch 039, lr=0.00010000
2026-06-17 09:34:53.305269 Epoch [039/200], Step [0050/0136], loss=0.1730, bce=0.0932, dice_loss=0.0798, max_mem=3537.92 MB
2026-06-17 09:35:00.074974 Epoch [039/200], Step [0100/0136], loss=0.1957, bce=0.1092, dice_loss=0.0865, max_mem=3537.92 MB
2026-06-17 09:35:04.940116 Epoch [039/200], Step [0136/0136], loss=0.1870, bce=0.1122, dice_loss=0.0748, max_mem=3537.92 MB
[TIME] Epoch 039, time=19.64s, total=774.45s
[TXT LOAD] /data/zjy_work/data_txt/test_PH2.txt
  image_root: /data/zjy_work/PH2/test/Images
  gt_root   : /data/zjy_work/PH2/test/Masks
  mode      : ph2
  ids=40, pairs=40, miss_img=0, miss_mask=0
[TEST DATASET] size=40
[EVAL] Epoch 039, train_loss=0.187000, Dice=0.881783, n=40
[LR] Epoch 040, lr=0.00010000
2026-06-17 09:35:14.254371 Epoch [040/200], Step [0050/0136], loss=0.1851, bce=0.1041, dice_loss=0.0810, max_mem=3537.92 MB
2026-06-17 09:35:21.021473 Epoch [040/200], Step [0100/0136], loss=0.1886, bce=0.1113, dice_loss=0.0773, max_mem=3537.92 MB
2026-06-17 09:35:25.889555 Epoch [040/200], Step [0136/0136], loss=0.1864, bce=0.1053, dice_loss=0.0810, max_mem=3537.92 MB
[TIME] Epoch 040, time=19.64s, total=794.09s
[TXT LOAD] /data/zjy_work/data_txt/test_PH2.txt
  image_root: /data/zjy_work/PH2/test/Images
  gt_root   : /data/zjy_work/PH2/test/Masks
  mode      : ph2
  ids=40, pairs=40, miss_img=0, miss_mask=0
[TEST DATASET] size=40
[EVAL] Epoch 040, train_loss=0.186390, Dice=0.891278, n=40
[LR] Epoch 041, lr=0.00010000
2026-06-17 09:35:34.969247 Epoch [041/200], Step [0050/0136], loss=0.1658, bce=0.0920, dice_loss=0.0738, max_mem=3537.92 MB
2026-06-17 09:35:41.735163 Epoch [041/200], Step [0100/0136], loss=0.1451, bce=0.0792, dice_loss=0.0659, max_mem=3537.92 MB
2026-06-17 09:35:46.603830 Epoch [041/200], Step [0136/0136], loss=0.2195, bce=0.1378, dice_loss=0.0817, max_mem=3537.92 MB
[TIME] Epoch 041, time=19.66s, total=813.76s
[TXT LOAD] /data/zjy_work/data_txt/test_PH2.txt
  image_root: /data/zjy_work/PH2/test/Images
  gt_root   : /data/zjy_work/PH2/test/Masks
  mode      : ph2
  ids=40, pairs=40, miss_img=0, miss_mask=0
[TEST DATASET] size=40
[EVAL] Epoch 041, train_loss=0.219506, Dice=0.868724, n=40
[LR] Epoch 042, lr=0.00010000
2026-06-17 09:35:57.214246 Epoch [042/200], Step [0050/0136], loss=0.2111, bce=0.1299, dice_loss=0.0812, max_mem=3537.92 MB
2026-06-17 09:36:03.984932 Epoch [042/200], Step [0100/0136], loss=0.1581, bce=0.0869, dice_loss=0.0712, max_mem=3537.92 MB
2026-06-17 09:36:08.849988 Epoch [042/200], Step [0136/0136], loss=0.1648, bce=0.0908, dice_loss=0.0741, max_mem=3537.92 MB
[TIME] Epoch 042, time=19.75s, total=833.50s
[TXT LOAD] /data/zjy_work/data_txt/test_PH2.txt
  image_root: /data/zjy_work/PH2/test/Images
  gt_root   : /data/zjy_work/PH2/test/Masks
  mode      : ph2
  ids=40, pairs=40, miss_img=0, miss_mask=0
[TEST DATASET] size=40
[EVAL] Epoch 042, train_loss=0.164836, Dice=0.907338, n=40
[BEST] Dice improved 0.897867 -> 0.907338
[LR] Epoch 043, lr=0.00010000
2026-06-17 09:36:18.351093 Epoch [043/200], Step [0050/0136], loss=0.2008, bce=0.1141, dice_loss=0.0867, max_mem=3537.92 MB
2026-06-17 09:36:25.131894 Epoch [043/200], Step [0100/0136], loss=0.1855, bce=0.1059, dice_loss=0.0795, max_mem=3537.92 MB
2026-06-17 09:36:30.004674 Epoch [043/200], Step [0136/0136], loss=0.2048, bce=0.1166, dice_loss=0.0882, max_mem=3537.92 MB
[TIME] Epoch 043, time=19.87s, total=853.37s
[TXT LOAD] /data/zjy_work/data_txt/test_PH2.txt
  image_root: /data/zjy_work/PH2/test/Images
  gt_root   : /data/zjy_work/PH2/test/Masks
  mode      : ph2
  ids=40, pairs=40, miss_img=0, miss_mask=0
[TEST DATASET] size=40
[EVAL] Epoch 043, train_loss=0.204797, Dice=0.875744, n=40
[LR] Epoch 044, lr=0.00010000
2026-06-17 09:36:38.948642 Epoch [044/200], Step [0050/0136], loss=0.2134, bce=0.1239, dice_loss=0.0895, max_mem=3537.92 MB
2026-06-17 09:36:45.813326 Epoch [044/200], Step [0100/0136], loss=0.1518, bce=0.0848, dice_loss=0.0670, max_mem=3537.92 MB
2026-06-17 09:36:50.686358 Epoch [044/200], Step [0136/0136], loss=0.1856, bce=0.1087, dice_loss=0.0769, max_mem=3537.92 MB
[TIME] Epoch 044, time=19.76s, total=873.13s
[TXT LOAD] /data/zjy_work/data_txt/test_PH2.txt
  image_root: /data/zjy_work/PH2/test/Images
  gt_root   : /data/zjy_work/PH2/test/Masks
  mode      : ph2
  ids=40, pairs=40, miss_img=0, miss_mask=0
[TEST DATASET] size=40
[EVAL] Epoch 044, train_loss=0.185642, Dice=0.870835, n=40
[LR] Epoch 045, lr=0.00010000
2026-06-17 09:36:59.851304 Epoch [045/200], Step [0050/0136], loss=0.1465, bce=0.0783, dice_loss=0.0682, max_mem=3537.92 MB
2026-06-17 09:37:06.618083 Epoch [045/200], Step [0100/0136], loss=0.1749, bce=0.1102, dice_loss=0.0647, max_mem=3537.92 MB
2026-06-17 09:37:11.487734 Epoch [045/200], Step [0136/0136], loss=0.1863, bce=0.1080, dice_loss=0.0783, max_mem=3537.92 MB
[TIME] Epoch 045, time=19.69s, total=892.82s
[TXT LOAD] /data/zjy_work/data_txt/test_PH2.txt
  image_root: /data/zjy_work/PH2/test/Images
  gt_root   : /data/zjy_work/PH2/test/Masks
  mode      : ph2
  ids=40, pairs=40, miss_img=0, miss_mask=0
[TEST DATASET] size=40
[EVAL] Epoch 045, train_loss=0.186278, Dice=0.898819, n=40
[LR] Epoch 046, lr=0.00010000
2026-06-17 09:37:20.657125 Epoch [046/200], Step [0050/0136], loss=0.1709, bce=0.0962, dice_loss=0.0747, max_mem=3537.92 MB
2026-06-17 09:37:27.416254 Epoch [046/200], Step [0100/0136], loss=0.1601, bce=0.0893, dice_loss=0.0708, max_mem=3537.92 MB
2026-06-17 09:37:32.286398 Epoch [046/200], Step [0136/0136], loss=0.1896, bce=0.1060, dice_loss=0.0836, max_mem=3537.92 MB
[TIME] Epoch 046, time=19.70s, total=912.52s
[TXT LOAD] /data/zjy_work/data_txt/test_PH2.txt
  image_root: /data/zjy_work/PH2/test/Images
  gt_root   : /data/zjy_work/PH2/test/Masks
  mode      : ph2
  ids=40, pairs=40, miss_img=0, miss_mask=0
[TEST DATASET] size=40
[EVAL] Epoch 046, train_loss=0.189616, Dice=0.907945, n=40
[BEST] Dice improved 0.907338 -> 0.907945
[LR] Epoch 047, lr=0.00010000
2026-06-17 09:37:41.510505 Epoch [047/200], Step [0050/0136], loss=0.1605, bce=0.0943, dice_loss=0.0662, max_mem=3537.92 MB
2026-06-17 09:37:48.277416 Epoch [047/200], Step [0100/0136], loss=0.1515, bce=0.0845, dice_loss=0.0670, max_mem=3537.92 MB
2026-06-17 09:37:53.148422 Epoch [047/200], Step [0136/0136], loss=0.1256, bce=0.0693, dice_loss=0.0563, max_mem=3537.92 MB
[TIME] Epoch 047, time=19.70s, total=932.22s
[TXT LOAD] /data/zjy_work/data_txt/test_PH2.txt
  image_root: /data/zjy_work/PH2/test/Images
  gt_root   : /data/zjy_work/PH2/test/Masks
  mode      : ph2
  ids=40, pairs=40, miss_img=0, miss_mask=0
[TEST DATASET] size=40
[EVAL] Epoch 047, train_loss=0.125593, Dice=0.893693, n=40
[LR] Epoch 048, lr=0.00010000
2026-06-17 09:38:02.083596 Epoch [048/200], Step [0050/0136], loss=0.1238, bce=0.0701, dice_loss=0.0537, max_mem=3537.92 MB
2026-06-17 09:38:08.848907 Epoch [048/200], Step [0100/0136], loss=0.1437, bce=0.0825, dice_loss=0.0613, max_mem=3537.92 MB
2026-06-17 09:38:13.711454 Epoch [048/200], Step [0136/0136], loss=0.1428, bce=0.0834, dice_loss=0.0595, max_mem=3537.92 MB
[TIME] Epoch 048, time=19.58s, total=951.80s
[TXT LOAD] /data/zjy_work/data_txt/test_PH2.txt
  image_root: /data/zjy_work/PH2/test/Images
  gt_root   : /data/zjy_work/PH2/test/Masks
  mode      : ph2
  ids=40, pairs=40, miss_img=0, miss_mask=0
[TEST DATASET] size=40
[EVAL] Epoch 048, train_loss=0.142831, Dice=0.900395, n=40
[LR] Epoch 049, lr=0.00010000
2026-06-17 09:38:22.568184 Epoch [049/200], Step [0050/0136], loss=0.1362, bce=0.0769, dice_loss=0.0593, max_mem=3537.92 MB
2026-06-17 09:38:29.335566 Epoch [049/200], Step [0100/0136], loss=0.1627, bce=0.0877, dice_loss=0.0750, max_mem=3537.92 MB
2026-06-17 09:38:34.206079 Epoch [049/200], Step [0136/0136], loss=0.2060, bce=0.1123, dice_loss=0.0937, max_mem=3537.92 MB
[TIME] Epoch 049, time=19.61s, total=971.41s
[TXT LOAD] /data/zjy_work/data_txt/test_PH2.txt
  image_root: /data/zjy_work/PH2/test/Images
  gt_root   : /data/zjy_work/PH2/test/Masks
  mode      : ph2
  ids=40, pairs=40, miss_img=0, miss_mask=0
[TEST DATASET] size=40
[EVAL] Epoch 049, train_loss=0.205965, Dice=0.902800, n=40
[LR] Epoch 050, lr=0.00010000
2026-06-17 09:38:43.174292 Epoch [050/200], Step [0050/0136], loss=0.1496, bce=0.0879, dice_loss=0.0617, max_mem=3537.92 MB
2026-06-17 09:38:49.936337 Epoch [050/200], Step [0100/0136], loss=0.1946, bce=0.1106, dice_loss=0.0840, max_mem=3537.92 MB
2026-06-17 09:38:54.804186 Epoch [050/200], Step [0136/0136], loss=0.1769, bce=0.0865, dice_loss=0.0904, max_mem=3537.92 MB
[TIME] Epoch 050, time=19.60s, total=991.00s
[TXT LOAD] /data/zjy_work/data_txt/test_PH2.txt
  image_root: /data/zjy_work/PH2/test/Images
  gt_root   : /data/zjy_work/PH2/test/Masks
  mode      : ph2
  ids=40, pairs=40, miss_img=0, miss_mask=0
[TEST DATASET] size=40
[EVAL] Epoch 050, train_loss=0.176885, Dice=0.890703, n=40
[LR] Epoch 051, lr=0.00010000
2026-06-17 09:39:03.781656 Epoch [051/200], Step [0050/0136], loss=0.1380, bce=0.0758, dice_loss=0.0621, max_mem=3537.92 MB
2026-06-17 09:39:10.554905 Epoch [051/200], Step [0100/0136], loss=0.1384, bce=0.0848, dice_loss=0.0535, max_mem=3537.92 MB
2026-06-17 09:39:15.420698 Epoch [051/200], Step [0136/0136], loss=0.1245, bce=0.0669, dice_loss=0.0576, max_mem=3537.92 MB
[TIME] Epoch 051, time=19.61s, total=1010.62s
[TXT LOAD] /data/zjy_work/data_txt/test_PH2.txt
  image_root: /data/zjy_work/PH2/test/Images
  gt_root   : /data/zjy_work/PH2/test/Masks
  mode      : ph2
  ids=40, pairs=40, miss_img=0, miss_mask=0
[TEST DATASET] size=40
[EVAL] Epoch 051, train_loss=0.124476, Dice=0.905809, n=40
[LR] Epoch 052, lr=0.00010000
2026-06-17 09:39:24.276497 Epoch [052/200], Step [0050/0136], loss=0.1875, bce=0.1102, dice_loss=0.0774, max_mem=3537.92 MB
2026-06-17 09:39:31.052526 Epoch [052/200], Step [0100/0136], loss=0.1200, bce=0.0620, dice_loss=0.0580, max_mem=3537.92 MB
2026-06-17 09:39:35.915551 Epoch [052/200], Step [0136/0136], loss=0.1310, bce=0.0778, dice_loss=0.0532, max_mem=3537.92 MB
[TIME] Epoch 052, time=19.56s, total=1030.18s
[TXT LOAD] /data/zjy_work/data_txt/test_PH2.txt
  image_root: /data/zjy_work/PH2/test/Images
  gt_root   : /data/zjy_work/PH2/test/Masks
  mode      : ph2
  ids=40, pairs=40, miss_img=0, miss_mask=0
[TEST DATASET] size=40
[EVAL] Epoch 052, train_loss=0.131030, Dice=0.899879, n=40
[LR] Epoch 053, lr=0.00010000
2026-06-17 09:39:45.086081 Epoch [053/200], Step [0050/0136], loss=0.1732, bce=0.0991, dice_loss=0.0741, max_mem=3537.92 MB
2026-06-17 09:39:51.856623 Epoch [053/200], Step [0100/0136], loss=0.1381, bce=0.0798, dice_loss=0.0583, max_mem=3537.92 MB
2026-06-17 09:39:56.724193 Epoch [053/200], Step [0136/0136], loss=0.1604, bce=0.0894, dice_loss=0.0710, max_mem=3537.92 MB
[TIME] Epoch 053, time=19.58s, total=1049.76s
[TXT LOAD] /data/zjy_work/data_txt/test_PH2.txt
  image_root: /data/zjy_work/PH2/test/Images
  gt_root   : /data/zjy_work/PH2/test/Masks
  mode      : ph2
  ids=40, pairs=40, miss_img=0, miss_mask=0
[TEST DATASET] size=40
[EVAL] Epoch 053, train_loss=0.160408, Dice=0.897443, n=40
[LR] Epoch 054, lr=0.00010000
2026-06-17 09:40:05.798656 Epoch [054/200], Step [0050/0136], loss=0.1328, bce=0.0753, dice_loss=0.0575, max_mem=3537.92 MB
2026-06-17 09:40:12.572458 Epoch [054/200], Step [0100/0136], loss=0.1411, bce=0.0770, dice_loss=0.0641, max_mem=3537.92 MB
2026-06-17 09:40:17.444694 Epoch [054/200], Step [0136/0136], loss=0.1268, bce=0.0717, dice_loss=0.0552, max_mem=3537.92 MB
[TIME] Epoch 054, time=19.71s, total=1069.47s
[TXT LOAD] /data/zjy_work/data_txt/test_PH2.txt
  image_root: /data/zjy_work/PH2/test/Images
  gt_root   : /data/zjy_work/PH2/test/Masks
  mode      : ph2
  ids=40, pairs=40, miss_img=0, miss_mask=0
[TEST DATASET] size=40
[EVAL] Epoch 054, train_loss=0.126825, Dice=0.904650, n=40
[LR] Epoch 055, lr=0.00010000
2026-06-17 09:40:26.522833 Epoch [055/200], Step [0050/0136], loss=0.1233, bce=0.0662, dice_loss=0.0571, max_mem=3537.92 MB
2026-06-17 09:40:33.301862 Epoch [055/200], Step [0100/0136], loss=0.1316, bce=0.0794, dice_loss=0.0522, max_mem=3537.92 MB
2026-06-17 09:40:38.183840 Epoch [055/200], Step [0136/0136], loss=0.1206, bce=0.0621, dice_loss=0.0585, max_mem=3537.92 MB
[TIME] Epoch 055, time=19.67s, total=1089.15s
[TXT LOAD] /data/zjy_work/data_txt/test_PH2.txt
  image_root: /data/zjy_work/PH2/test/Images
  gt_root   : /data/zjy_work/PH2/test/Masks
  mode      : ph2
  ids=40, pairs=40, miss_img=0, miss_mask=0
[TEST DATASET] size=40
[EVAL] Epoch 055, train_loss=0.120557, Dice=0.895427, n=40
[LR] Epoch 056, lr=0.00010000
2026-06-17 09:40:47.304411 Epoch [056/200], Step [0050/0136], loss=0.1313, bce=0.0752, dice_loss=0.0562, max_mem=3537.92 MB
2026-06-17 09:40:54.084039 Epoch [056/200], Step [0100/0136], loss=0.1117, bce=0.0648, dice_loss=0.0469, max_mem=3537.92 MB
2026-06-17 09:40:58.970282 Epoch [056/200], Step [0136/0136], loss=0.1901, bce=0.1049, dice_loss=0.0852, max_mem=3537.92 MB
[TIME] Epoch 056, time=19.70s, total=1108.85s
[TXT LOAD] /data/zjy_work/data_txt/test_PH2.txt
  image_root: /data/zjy_work/PH2/test/Images
  gt_root   : /data/zjy_work/PH2/test/Masks
  mode      : ph2
  ids=40, pairs=40, miss_img=0, miss_mask=0
[TEST DATASET] size=40
[EVAL] Epoch 056, train_loss=0.190070, Dice=0.763549, n=40
[LR] Epoch 057, lr=0.00010000
2026-06-17 09:41:07.976651 Epoch [057/200], Step [0050/0136], loss=0.1528, bce=0.0816, dice_loss=0.0712, max_mem=3537.92 MB
2026-06-17 09:41:14.750076 Epoch [057/200], Step [0100/0136], loss=0.1029, bce=0.0589, dice_loss=0.0440, max_mem=3537.92 MB
2026-06-17 09:41:19.622223 Epoch [057/200], Step [0136/0136], loss=0.1041, bce=0.0589, dice_loss=0.0453, max_mem=3537.92 MB
[TIME] Epoch 057, time=19.64s, total=1128.49s
[TXT LOAD] /data/zjy_work/data_txt/test_PH2.txt
  image_root: /data/zjy_work/PH2/test/Images
  gt_root   : /data/zjy_work/PH2/test/Masks
  mode      : ph2
  ids=40, pairs=40, miss_img=0, miss_mask=0
[TEST DATASET] size=40
[EVAL] Epoch 057, train_loss=0.104140, Dice=0.894365, n=40
[LR] Epoch 058, lr=0.00010000
2026-06-17 09:41:30.614144 Epoch [058/200], Step [0050/0136], loss=0.1010, bce=0.0540, dice_loss=0.0471, max_mem=3537.92 MB
2026-06-17 09:41:37.376042 Epoch [058/200], Step [0100/0136], loss=0.1451, bce=0.0901, dice_loss=0.0550, max_mem=3537.92 MB
2026-06-17 09:41:42.244161 Epoch [058/200], Step [0136/0136], loss=0.1331, bce=0.0771, dice_loss=0.0559, max_mem=3537.92 MB
[TIME] Epoch 058, time=19.86s, total=1148.35s
[TXT LOAD] /data/zjy_work/data_txt/test_PH2.txt
  image_root: /data/zjy_work/PH2/test/Images
  gt_root   : /data/zjy_work/PH2/test/Masks
  mode      : ph2
  ids=40, pairs=40, miss_img=0, miss_mask=0
[TEST DATASET] size=40
[EVAL] Epoch 058, train_loss=0.133077, Dice=0.893384, n=40
[LR] Epoch 059, lr=0.00010000
2026-06-17 09:41:51.608486 Epoch [059/200], Step [0050/0136], loss=0.1159, bce=0.0653, dice_loss=0.0506, max_mem=3537.92 MB
2026-06-17 09:41:58.390754 Epoch [059/200], Step [0100/0136], loss=0.1145, bce=0.0652, dice_loss=0.0493, max_mem=3537.92 MB
2026-06-17 09:42:03.262832 Epoch [059/200], Step [0136/0136], loss=0.1012, bce=0.0559, dice_loss=0.0452, max_mem=3537.92 MB
[TIME] Epoch 059, time=19.74s, total=1168.09s
[TXT LOAD] /data/zjy_work/data_txt/test_PH2.txt
  image_root: /data/zjy_work/PH2/test/Images
  gt_root   : /data/zjy_work/PH2/test/Masks
  mode      : ph2
  ids=40, pairs=40, miss_img=0, miss_mask=0
[TEST DATASET] size=40
[EVAL] Epoch 059, train_loss=0.101152, Dice=0.912295, n=40
[BEST] Dice improved 0.907945 -> 0.912295
[LR] Epoch 060, lr=0.00010000
2026-06-17 09:42:12.665038 Epoch [060/200], Step [0050/0136], loss=0.1266, bce=0.0698, dice_loss=0.0568, max_mem=3537.92 MB
2026-06-17 09:42:19.444843 Epoch [060/200], Step [0100/0136], loss=0.1038, bce=0.0582, dice_loss=0.0456, max_mem=3537.92 MB
2026-06-17 09:42:24.312623 Epoch [060/200], Step [0136/0136], loss=0.1346, bce=0.0821, dice_loss=0.0525, max_mem=3537.92 MB
[TIME] Epoch 060, time=19.82s, total=1187.91s
[TXT LOAD] /data/zjy_work/data_txt/test_PH2.txt
  image_root: /data/zjy_work/PH2/test/Images
  gt_root   : /data/zjy_work/PH2/test/Masks
  mode      : ph2
  ids=40, pairs=40, miss_img=0, miss_mask=0
[TEST DATASET] size=40
[EVAL] Epoch 060, train_loss=0.134573, Dice=0.888056, n=40
[LR] Epoch 061, lr=0.00010000
2026-06-17 09:42:33.923143 Epoch [061/200], Step [0050/0136], loss=0.1129, bce=0.0630, dice_loss=0.0499, max_mem=3537.92 MB
2026-06-17 09:42:40.683070 Epoch [061/200], Step [0100/0136], loss=0.1157, bce=0.0609, dice_loss=0.0548, max_mem=3537.92 MB
2026-06-17 09:42:45.545537 Epoch [061/200], Step [0136/0136], loss=0.0944, bce=0.0542, dice_loss=0.0402, max_mem=3537.92 MB
[TIME] Epoch 061, time=19.69s, total=1207.60s
[TXT LOAD] /data/zjy_work/data_txt/test_PH2.txt
  image_root: /data/zjy_work/PH2/test/Images
  gt_root   : /data/zjy_work/PH2/test/Masks
  mode      : ph2
  ids=40, pairs=40, miss_img=0, miss_mask=0
[TEST DATASET] size=40
[EVAL] Epoch 061, train_loss=0.094394, Dice=0.910544, n=40
[LR] Epoch 062, lr=0.00010000
2026-06-17 09:42:54.794598 Epoch [062/200], Step [0050/0136], loss=0.0917, bce=0.0540, dice_loss=0.0377, max_mem=3537.92 MB
2026-06-17 09:43:01.572310 Epoch [062/200], Step [0100/0136], loss=0.0907, bce=0.0485, dice_loss=0.0421, max_mem=3537.92 MB
2026-06-17 09:43:06.451365 Epoch [062/200], Step [0136/0136], loss=0.1040, bce=0.0601, dice_loss=0.0439, max_mem=3537.92 MB
[TIME] Epoch 062, time=19.92s, total=1227.52s
[TXT LOAD] /data/zjy_work/data_txt/test_PH2.txt
  image_root: /data/zjy_work/PH2/test/Images
  gt_root   : /data/zjy_work/PH2/test/Masks
  mode      : ph2
  ids=40, pairs=40, miss_img=0, miss_mask=0
[TEST DATASET] size=40
[EVAL] Epoch 062, train_loss=0.103969, Dice=0.905661, n=40
[LR] Epoch 063, lr=0.00010000
2026-06-17 09:43:17.626408 Epoch [063/200], Step [0050/0136], loss=0.0968, bce=0.0555, dice_loss=0.0414, max_mem=3537.92 MB
2026-06-17 09:43:24.396964 Epoch [063/200], Step [0100/0136], loss=0.1028, bce=0.0606, dice_loss=0.0421, max_mem=3537.92 MB
2026-06-17 09:43:29.268548 Epoch [063/200], Step [0136/0136], loss=0.0886, bce=0.0473, dice_loss=0.0413, max_mem=3537.92 MB
[TIME] Epoch 063, time=19.91s, total=1247.44s
[TXT LOAD] /data/zjy_work/data_txt/test_PH2.txt
  image_root: /data/zjy_work/PH2/test/Images
  gt_root   : /data/zjy_work/PH2/test/Masks
  mode      : ph2
  ids=40, pairs=40, miss_img=0, miss_mask=0
[TEST DATASET] size=40
[EVAL] Epoch 063, train_loss=0.088563, Dice=0.897843, n=40
[LR] Epoch 064, lr=0.00010000
2026-06-17 09:43:39.687836 Epoch [064/200], Step [0050/0136], loss=0.1260, bce=0.0691, dice_loss=0.0569, max_mem=3537.92 MB
2026-06-17 09:43:46.456206 Epoch [064/200], Step [0100/0136], loss=0.0937, bce=0.0535, dice_loss=0.0402, max_mem=3537.92 MB
2026-06-17 09:43:51.328933 Epoch [064/200], Step [0136/0136], loss=0.0940, bce=0.0537, dice_loss=0.0403, max_mem=3537.92 MB
[TIME] Epoch 064, time=19.85s, total=1267.29s
[TXT LOAD] /data/zjy_work/data_txt/test_PH2.txt
  image_root: /data/zjy_work/PH2/test/Images
  gt_root   : /data/zjy_work/PH2/test/Masks
  mode      : ph2
  ids=40, pairs=40, miss_img=0, miss_mask=0
[TEST DATASET] size=40
[EVAL] Epoch 064, train_loss=0.094023, Dice=0.892818, n=40
[LR] Epoch 065, lr=0.00010000
2026-06-17 09:44:00.481372 Epoch [065/200], Step [0050/0136], loss=0.0825, bce=0.0460, dice_loss=0.0365, max_mem=3537.92 MB
2026-06-17 09:44:07.259814 Epoch [065/200], Step [0100/0136], loss=0.0871, bce=0.0483, dice_loss=0.0388, max_mem=3537.92 MB
2026-06-17 09:44:12.126652 Epoch [065/200], Step [0136/0136], loss=0.1711, bce=0.0985, dice_loss=0.0726, max_mem=3537.92 MB
[TIME] Epoch 065, time=19.86s, total=1287.15s
[TXT LOAD] /data/zjy_work/data_txt/test_PH2.txt
  image_root: /data/zjy_work/PH2/test/Images
  gt_root   : /data/zjy_work/PH2/test/Masks
  mode      : ph2
  ids=40, pairs=40, miss_img=0, miss_mask=0
[TEST DATASET] size=40
[EVAL] Epoch 065, train_loss=0.171090, Dice=0.896305, n=40
[LR] Epoch 066, lr=0.00010000
2026-06-17 09:44:21.366591 Epoch [066/200], Step [0050/0136], loss=0.1422, bce=0.0730, dice_loss=0.0692, max_mem=3537.92 MB
2026-06-17 09:44:28.133428 Epoch [066/200], Step [0100/0136], loss=0.1106, bce=0.0603, dice_loss=0.0503, max_mem=3537.92 MB
2026-06-17 09:44:33.003321 Epoch [066/200], Step [0136/0136], loss=0.1128, bce=0.0653, dice_loss=0.0476, max_mem=3537.92 MB
[TIME] Epoch 066, time=19.70s, total=1306.86s
[TXT LOAD] /data/zjy_work/data_txt/test_PH2.txt
  image_root: /data/zjy_work/PH2/test/Images
  gt_root   : /data/zjy_work/PH2/test/Masks
  mode      : ph2
  ids=40, pairs=40, miss_img=0, miss_mask=0
[TEST DATASET] size=40
[EVAL] Epoch 066, train_loss=0.112847, Dice=0.909499, n=40
[LR] Epoch 067, lr=0.00010000
2026-06-17 09:44:42.002743 Epoch [067/200], Step [0050/0136], loss=0.0955, bce=0.0531, dice_loss=0.0425, max_mem=3537.92 MB
2026-06-17 09:44:48.772525 Epoch [067/200], Step [0100/0136], loss=0.1125, bce=0.0650, dice_loss=0.0475, max_mem=3537.92 MB
2026-06-17 09:44:53.645177 Epoch [067/200], Step [0136/0136], loss=0.0970, bce=0.0546, dice_loss=0.0424, max_mem=3537.92 MB
[TIME] Epoch 067, time=19.70s, total=1326.56s
[TXT LOAD] /data/zjy_work/data_txt/test_PH2.txt
  image_root: /data/zjy_work/PH2/test/Images
  gt_root   : /data/zjy_work/PH2/test/Masks
  mode      : ph2
  ids=40, pairs=40, miss_img=0, miss_mask=0
[TEST DATASET] size=40
[EVAL] Epoch 067, train_loss=0.096976, Dice=0.906292, n=40
[LR] Epoch 068, lr=0.00010000
2026-06-17 09:45:04.367588 Epoch [068/200], Step [0050/0136], loss=0.0803, bce=0.0436, dice_loss=0.0367, max_mem=3537.92 MB
2026-06-17 09:45:11.145943 Epoch [068/200], Step [0100/0136], loss=0.0858, bce=0.0484, dice_loss=0.0374, max_mem=3537.92 MB
2026-06-17 09:45:16.018381 Epoch [068/200], Step [0136/0136], loss=0.0868, bce=0.0491, dice_loss=0.0377, max_mem=3537.92 MB
[TIME] Epoch 068, time=19.66s, total=1346.21s
[TXT LOAD] /data/zjy_work/data_txt/test_PH2.txt
  image_root: /data/zjy_work/PH2/test/Images
  gt_root   : /data/zjy_work/PH2/test/Masks
  mode      : ph2
  ids=40, pairs=40, miss_img=0, miss_mask=0
[TEST DATASET] size=40
[EVAL] Epoch 068, train_loss=0.086768, Dice=0.904427, n=40
[LR] Epoch 069, lr=0.00010000
2026-06-17 09:45:25.202171 Epoch [069/200], Step [0050/0136], loss=0.0783, bce=0.0424, dice_loss=0.0359, max_mem=3537.92 MB
2026-06-17 09:45:31.987684 Epoch [069/200], Step [0100/0136], loss=0.0820, bce=0.0457, dice_loss=0.0364, max_mem=3537.92 MB
2026-06-17 09:45:36.862383 Epoch [069/200], Step [0136/0136], loss=0.0870, bce=0.0461, dice_loss=0.0409, max_mem=3537.92 MB
[TIME] Epoch 069, time=19.84s, total=1366.05s
[TXT LOAD] /data/zjy_work/data_txt/test_PH2.txt
  image_root: /data/zjy_work/PH2/test/Images
  gt_root   : /data/zjy_work/PH2/test/Masks
  mode      : ph2
  ids=40, pairs=40, miss_img=0, miss_mask=0
[TEST DATASET] size=40
[EVAL] Epoch 069, train_loss=0.087027, Dice=0.912858, n=40
[BEST] Dice improved 0.912295 -> 0.912858
[LR] Epoch 070, lr=0.00010000
2026-06-17 09:45:46.107071 Epoch [070/200], Step [0050/0136], loss=0.0904, bce=0.0474, dice_loss=0.0429, max_mem=3537.92 MB
2026-06-17 09:45:52.873179 Epoch [070/200], Step [0100/0136], loss=0.1533, bce=0.0932, dice_loss=0.0601, max_mem=3537.92 MB
2026-06-17 09:45:57.743017 Epoch [070/200], Step [0136/0136], loss=0.1366, bce=0.0823, dice_loss=0.0543, max_mem=3537.92 MB
[TIME] Epoch 070, time=19.69s, total=1385.74s
[TXT LOAD] /data/zjy_work/data_txt/test_PH2.txt
  image_root: /data/zjy_work/PH2/test/Images
  gt_root   : /data/zjy_work/PH2/test/Masks
  mode      : ph2
  ids=40, pairs=40, miss_img=0, miss_mask=0
[TEST DATASET] size=40
[EVAL] Epoch 070, train_loss=0.136561, Dice=0.888124, n=40
[LR] Epoch 071, lr=0.00010000
2026-06-17 09:46:06.972226 Epoch [071/200], Step [0050/0136], loss=0.0817, bce=0.0417, dice_loss=0.0400, max_mem=3537.92 MB
2026-06-17 09:46:13.755795 Epoch [071/200], Step [0100/0136], loss=0.0836, bce=0.0472, dice_loss=0.0364, max_mem=3537.92 MB
2026-06-17 09:46:18.632004 Epoch [071/200], Step [0136/0136], loss=0.0831, bce=0.0488, dice_loss=0.0343, max_mem=3537.92 MB
[TIME] Epoch 071, time=19.91s, total=1405.65s
[TXT LOAD] /data/zjy_work/data_txt/test_PH2.txt
  image_root: /data/zjy_work/PH2/test/Images
  gt_root   : /data/zjy_work/PH2/test/Masks
  mode      : ph2
  ids=40, pairs=40, miss_img=0, miss_mask=0
[TEST DATASET] size=40
[EVAL] Epoch 071, train_loss=0.083123, Dice=0.913990, n=40
[BEST] Dice improved 0.912858 -> 0.913990
[LR] Epoch 072, lr=0.00010000
2026-06-17 09:46:28.168014 Epoch [072/200], Step [0050/0136], loss=0.0818, bce=0.0460, dice_loss=0.0358, max_mem=3537.92 MB
2026-06-17 09:46:34.969159 Epoch [072/200], Step [0100/0136], loss=0.0782, bce=0.0415, dice_loss=0.0367, max_mem=3537.92 MB
2026-06-17 09:46:39.848638 Epoch [072/200], Step [0136/0136], loss=0.0939, bce=0.0516, dice_loss=0.0423, max_mem=3537.92 MB
[TIME] Epoch 072, time=20.07s, total=1425.73s
[TXT LOAD] /data/zjy_work/data_txt/test_PH2.txt
  image_root: /data/zjy_work/PH2/test/Images
  gt_root   : /data/zjy_work/PH2/test/Masks
  mode      : ph2
  ids=40, pairs=40, miss_img=0, miss_mask=0
[TEST DATASET] size=40
[EVAL] Epoch 072, train_loss=0.093904, Dice=0.890662, n=40
[LR] Epoch 073, lr=0.00010000
2026-06-17 09:46:48.817640 Epoch [073/200], Step [0050/0136], loss=0.1307, bce=0.0778, dice_loss=0.0529, max_mem=3537.92 MB
2026-06-17 09:46:55.585518 Epoch [073/200], Step [0100/0136], loss=0.0934, bce=0.0528, dice_loss=0.0406, max_mem=3537.92 MB
2026-06-17 09:47:00.449486 Epoch [073/200], Step [0136/0136], loss=0.0849, bce=0.0451, dice_loss=0.0398, max_mem=3537.92 MB
[TIME] Epoch 073, time=19.67s, total=1445.40s
[TXT LOAD] /data/zjy_work/data_txt/test_PH2.txt
  image_root: /data/zjy_work/PH2/test/Images
  gt_root   : /data/zjy_work/PH2/test/Masks
  mode      : ph2
  ids=40, pairs=40, miss_img=0, miss_mask=0
[TEST DATASET] size=40
[EVAL] Epoch 073, train_loss=0.084913, Dice=0.899607, n=40
[LR] Epoch 074, lr=0.00010000
2026-06-17 09:47:09.549666 Epoch [074/200], Step [0050/0136], loss=0.0821, bce=0.0454, dice_loss=0.0368, max_mem=3537.92 MB
2026-06-17 09:47:16.319620 Epoch [074/200], Step [0100/0136], loss=0.0789, bce=0.0438, dice_loss=0.0351, max_mem=3537.92 MB
2026-06-17 09:47:21.192815 Epoch [074/200], Step [0136/0136], loss=0.0719, bce=0.0376, dice_loss=0.0343, max_mem=3537.92 MB
[TIME] Epoch 074, time=19.76s, total=1465.16s
[TXT LOAD] /data/zjy_work/data_txt/test_PH2.txt
  image_root: /data/zjy_work/PH2/test/Images
  gt_root   : /data/zjy_work/PH2/test/Masks
  mode      : ph2
  ids=40, pairs=40, miss_img=0, miss_mask=0
[TEST DATASET] size=40
[EVAL] Epoch 074, train_loss=0.071914, Dice=0.914778, n=40
[BEST] Dice improved 0.913990 -> 0.914778
[LR] Epoch 075, lr=0.00010000
2026-06-17 09:47:30.825600 Epoch [075/200], Step [0050/0136], loss=0.0642, bce=0.0348, dice_loss=0.0294, max_mem=3537.92 MB
2026-06-17 09:47:37.596881 Epoch [075/200], Step [0100/0136], loss=0.0704, bce=0.0380, dice_loss=0.0325, max_mem=3537.92 MB
2026-06-17 09:47:42.466304 Epoch [075/200], Step [0136/0136], loss=0.0750, bce=0.0421, dice_loss=0.0328, max_mem=3537.92 MB
[TIME] Epoch 075, time=19.76s, total=1484.92s
[TXT LOAD] /data/zjy_work/data_txt/test_PH2.txt
  image_root: /data/zjy_work/PH2/test/Images
  gt_root   : /data/zjy_work/PH2/test/Masks
  mode      : ph2
  ids=40, pairs=40, miss_img=0, miss_mask=0
[TEST DATASET] size=40
[EVAL] Epoch 075, train_loss=0.074995, Dice=0.914991, n=40
[BEST] Dice improved 0.914778 -> 0.914991
[LR] Epoch 076, lr=0.00010000
2026-06-17 09:47:51.796178 Epoch [076/200], Step [0050/0136], loss=0.0650, bce=0.0363, dice_loss=0.0287, max_mem=3537.92 MB
2026-06-17 09:47:58.568765 Epoch [076/200], Step [0100/0136], loss=0.0680, bce=0.0377, dice_loss=0.0302, max_mem=3537.92 MB
2026-06-17 09:48:03.438477 Epoch [076/200], Step [0136/0136], loss=0.0708, bce=0.0386, dice_loss=0.0322, max_mem=3537.92 MB
[TIME] Epoch 076, time=19.76s, total=1504.68s
[TXT LOAD] /data/zjy_work/data_txt/test_PH2.txt
  image_root: /data/zjy_work/PH2/test/Images
  gt_root   : /data/zjy_work/PH2/test/Masks
  mode      : ph2
  ids=40, pairs=40, miss_img=0, miss_mask=0
[TEST DATASET] size=40
[EVAL] Epoch 076, train_loss=0.070842, Dice=0.891896, n=40
[LR] Epoch 077, lr=0.00010000
2026-06-17 09:48:13.945120 Epoch [077/200], Step [0050/0136], loss=0.0673, bce=0.0365, dice_loss=0.0308, max_mem=3537.92 MB
2026-06-17 09:48:20.706373 Epoch [077/200], Step [0100/0136], loss=0.0576, bce=0.0304, dice_loss=0.0272, max_mem=3537.92 MB
2026-06-17 09:48:25.580153 Epoch [077/200], Step [0136/0136], loss=0.0649, bce=0.0353, dice_loss=0.0296, max_mem=3537.92 MB
[TIME] Epoch 077, time=19.99s, total=1524.67s
[TXT LOAD] /data/zjy_work/data_txt/test_PH2.txt
  image_root: /data/zjy_work/PH2/test/Images
  gt_root   : /data/zjy_work/PH2/test/Masks
  mode      : ph2
  ids=40, pairs=40, miss_img=0, miss_mask=0
[TEST DATASET] size=40
[EVAL] Epoch 077, train_loss=0.064877, Dice=0.898447, n=40
[LR] Epoch 078, lr=0.00010000
2026-06-17 09:48:34.825361 Epoch [078/200], Step [0050/0136], loss=0.0626, bce=0.0334, dice_loss=0.0292, max_mem=3537.92 MB
2026-06-17 09:48:41.596303 Epoch [078/200], Step [0100/0136], loss=0.0734, bce=0.0415, dice_loss=0.0319, max_mem=3537.92 MB
2026-06-17 09:48:46.470181 Epoch [078/200], Step [0136/0136], loss=0.0857, bce=0.0451, dice_loss=0.0406, max_mem=3537.92 MB
[TIME] Epoch 078, time=19.86s, total=1544.52s
[TXT LOAD] /data/zjy_work/data_txt/test_PH2.txt
  image_root: /data/zjy_work/PH2/test/Images
  gt_root   : /data/zjy_work/PH2/test/Masks
  mode      : ph2
  ids=40, pairs=40, miss_img=0, miss_mask=0
[TEST DATASET] size=40
[EVAL] Epoch 078, train_loss=0.085679, Dice=0.905865, n=40
[LR] Epoch 079, lr=0.00010000
2026-06-17 09:48:55.688082 Epoch [079/200], Step [0050/0136], loss=0.1898, bce=0.1144, dice_loss=0.0754, max_mem=3537.92 MB
2026-06-17 09:49:02.464145 Epoch [079/200], Step [0100/0136], loss=0.1902, bce=0.1109, dice_loss=0.0793, max_mem=3537.92 MB
2026-06-17 09:49:07.339317 Epoch [079/200], Step [0136/0136], loss=0.1165, bce=0.0627, dice_loss=0.0538, max_mem=3537.92 MB
[TIME] Epoch 079, time=19.89s, total=1564.41s
[TXT LOAD] /data/zjy_work/data_txt/test_PH2.txt
  image_root: /data/zjy_work/PH2/test/Images
  gt_root   : /data/zjy_work/PH2/test/Masks
  mode      : ph2
  ids=40, pairs=40, miss_img=0, miss_mask=0
[TEST DATASET] size=40
[EVAL] Epoch 079, train_loss=0.116475, Dice=0.908462, n=40
[LR] Epoch 080, lr=0.00010000
2026-06-17 09:49:16.537596 Epoch [080/200], Step [0050/0136], loss=0.0965, bce=0.0489, dice_loss=0.0476, max_mem=3537.92 MB
2026-06-17 09:49:23.327249 Epoch [080/200], Step [0100/0136], loss=0.0907, bce=0.0469, dice_loss=0.0437, max_mem=3537.92 MB
2026-06-17 09:49:28.202238 Epoch [080/200], Step [0136/0136], loss=0.0895, bce=0.0506, dice_loss=0.0389, max_mem=3537.92 MB
[TIME] Epoch 080, time=19.82s, total=1584.24s
[TXT LOAD] /data/zjy_work/data_txt/test_PH2.txt
  image_root: /data/zjy_work/PH2/test/Images
  gt_root   : /data/zjy_work/PH2/test/Masks
  mode      : ph2
  ids=40, pairs=40, miss_img=0, miss_mask=0
[TEST DATASET] size=40
[EVAL] Epoch 080, train_loss=0.089500, Dice=0.895890, n=40
[LR] Epoch 081, lr=0.00010000
2026-06-17 09:49:38.100502 Epoch [081/200], Step [0050/0136], loss=0.0814, bce=0.0435, dice_loss=0.0378, max_mem=3537.92 MB
2026-06-17 09:49:44.870065 Epoch [081/200], Step [0100/0136], loss=0.0676, bce=0.0372, dice_loss=0.0304, max_mem=3537.92 MB
2026-06-17 09:49:49.746021 Epoch [081/200], Step [0136/0136], loss=0.0713, bce=0.0395, dice_loss=0.0318, max_mem=3537.92 MB
[TIME] Epoch 081, time=19.71s, total=1603.95s
[TXT LOAD] /data/zjy_work/data_txt/test_PH2.txt
  image_root: /data/zjy_work/PH2/test/Images
  gt_root   : /data/zjy_work/PH2/test/Masks
  mode      : ph2
  ids=40, pairs=40, miss_img=0, miss_mask=0
[TEST DATASET] size=40
[EVAL] Epoch 081, train_loss=0.071338, Dice=0.911152, n=40
[LR] Epoch 082, lr=0.00010000
2026-06-17 09:49:58.916873 Epoch [082/200], Step [0050/0136], loss=0.0669, bce=0.0359, dice_loss=0.0311, max_mem=3537.92 MB
2026-06-17 09:50:05.707445 Epoch [082/200], Step [0100/0136], loss=0.0613, bce=0.0323, dice_loss=0.0290, max_mem=3537.92 MB
2026-06-17 09:50:10.587901 Epoch [082/200], Step [0136/0136], loss=0.0608, bce=0.0324, dice_loss=0.0284, max_mem=3537.92 MB
[TIME] Epoch 082, time=19.83s, total=1623.78s
[TXT LOAD] /data/zjy_work/data_txt/test_PH2.txt
  image_root: /data/zjy_work/PH2/test/Images
  gt_root   : /data/zjy_work/PH2/test/Masks
  mode      : ph2
  ids=40, pairs=40, miss_img=0, miss_mask=0
[TEST DATASET] size=40
[EVAL] Epoch 082, train_loss=0.060755, Dice=0.916869, n=40
[BEST] Dice improved 0.914991 -> 0.916869
[LR] Epoch 083, lr=0.00010000
2026-06-17 09:50:19.964638 Epoch [083/200], Step [0050/0136], loss=0.0542, bce=0.0289, dice_loss=0.0253, max_mem=3537.92 MB
2026-06-17 09:50:26.742672 Epoch [083/200], Step [0100/0136], loss=0.0622, bce=0.0339, dice_loss=0.0283, max_mem=3537.92 MB
2026-06-17 09:50:31.616983 Epoch [083/200], Step [0136/0136], loss=0.0620, bce=0.0339, dice_loss=0.0281, max_mem=3537.92 MB
[TIME] Epoch 083, time=19.75s, total=1643.53s
[TXT LOAD] /data/zjy_work/data_txt/test_PH2.txt
  image_root: /data/zjy_work/PH2/test/Images
  gt_root   : /data/zjy_work/PH2/test/Masks
  mode      : ph2
  ids=40, pairs=40, miss_img=0, miss_mask=0
[TEST DATASET] size=40
[EVAL] Epoch 083, train_loss=0.062008, Dice=0.909847, n=40
[LR] Epoch 084, lr=0.00010000
2026-06-17 09:50:40.663195 Epoch [084/200], Step [0050/0136], loss=0.0566, bce=0.0295, dice_loss=0.0271, max_mem=3537.92 MB
2026-06-17 09:50:47.436840 Epoch [084/200], Step [0100/0136], loss=0.0580, bce=0.0314, dice_loss=0.0266, max_mem=3537.92 MB
2026-06-17 09:50:52.310769 Epoch [084/200], Step [0136/0136], loss=0.0557, bce=0.0304, dice_loss=0.0253, max_mem=3537.92 MB
[TIME] Epoch 084, time=19.67s, total=1663.20s
[TXT LOAD] /data/zjy_work/data_txt/test_PH2.txt
  image_root: /data/zjy_work/PH2/test/Images
  gt_root   : /data/zjy_work/PH2/test/Masks
  mode      : ph2
  ids=40, pairs=40, miss_img=0, miss_mask=0
[TEST DATASET] size=40
[EVAL] Epoch 084, train_loss=0.055689, Dice=0.904035, n=40
[LR] Epoch 085, lr=0.00010000
2026-06-17 09:51:01.130896 Epoch [085/200], Step [0050/0136], loss=0.0560, bce=0.0296, dice_loss=0.0264, max_mem=3537.92 MB
2026-06-17 09:51:07.903824 Epoch [085/200], Step [0100/0136], loss=0.0551, bce=0.0272, dice_loss=0.0279, max_mem=3537.92 MB
2026-06-17 09:51:12.777820 Epoch [085/200], Step [0136/0136], loss=0.0691, bce=0.0372, dice_loss=0.0319, max_mem=3537.92 MB
[TIME] Epoch 085, time=19.54s, total=1682.74s
[TXT LOAD] /data/zjy_work/data_txt/test_PH2.txt
  image_root: /data/zjy_work/PH2/test/Images
  gt_root   : /data/zjy_work/PH2/test/Masks
  mode      : ph2
  ids=40, pairs=40, miss_img=0, miss_mask=0
[TEST DATASET] size=40
[EVAL] Epoch 085, train_loss=0.069110, Dice=0.865520, n=40
[LR] Epoch 086, lr=0.00010000
2026-06-17 09:51:21.797030 Epoch [086/200], Step [0050/0136], loss=0.0941, bce=0.0548, dice_loss=0.0392, max_mem=3537.92 MB
2026-06-17 09:51:28.588764 Epoch [086/200], Step [0100/0136], loss=0.0847, bce=0.0499, dice_loss=0.0348, max_mem=3537.92 MB
2026-06-17 09:51:33.461087 Epoch [086/200], Step [0136/0136], loss=0.1442, bce=0.0790, dice_loss=0.0652, max_mem=3537.92 MB
[TIME] Epoch 086, time=19.71s, total=1702.45s
[TXT LOAD] /data/zjy_work/data_txt/test_PH2.txt
  image_root: /data/zjy_work/PH2/test/Images
  gt_root   : /data/zjy_work/PH2/test/Masks
  mode      : ph2
  ids=40, pairs=40, miss_img=0, miss_mask=0
[TEST DATASET] size=40
[EVAL] Epoch 086, train_loss=0.144211, Dice=0.898797, n=40
[LR] Epoch 087, lr=0.00010000
2026-06-17 09:51:42.538672 Epoch [087/200], Step [0050/0136], loss=0.0890, bce=0.0495, dice_loss=0.0394, max_mem=3537.92 MB
2026-06-17 09:51:49.323165 Epoch [087/200], Step [0100/0136], loss=0.0713, bce=0.0384, dice_loss=0.0329, max_mem=3537.92 MB
2026-06-17 09:51:54.196244 Epoch [087/200], Step [0136/0136], loss=0.0633, bce=0.0338, dice_loss=0.0295, max_mem=3537.92 MB
[TIME] Epoch 087, time=19.83s, total=1722.28s
[TXT LOAD] /data/zjy_work/data_txt/test_PH2.txt
  image_root: /data/zjy_work/PH2/test/Images
  gt_root   : /data/zjy_work/PH2/test/Masks
  mode      : ph2
  ids=40, pairs=40, miss_img=0, miss_mask=0
[TEST DATASET] size=40
[EVAL] Epoch 087, train_loss=0.063295, Dice=0.910923, n=40
[LR] Epoch 088, lr=0.00010000
2026-06-17 09:52:03.724128 Epoch [088/200], Step [0050/0136], loss=0.0571, bce=0.0302, dice_loss=0.0269, max_mem=3537.92 MB
2026-06-17 09:52:10.509912 Epoch [088/200], Step [0100/0136], loss=0.0545, bce=0.0290, dice_loss=0.0255, max_mem=3537.92 MB
2026-06-17 09:52:15.384458 Epoch [088/200], Step [0136/0136], loss=0.0621, bce=0.0355, dice_loss=0.0267, max_mem=3537.92 MB
[TIME] Epoch 088, time=19.86s, total=1742.14s
[TXT LOAD] /data/zjy_work/data_txt/test_PH2.txt
  image_root: /data/zjy_work/PH2/test/Images
  gt_root   : /data/zjy_work/PH2/test/Masks
  mode      : ph2
  ids=40, pairs=40, miss_img=0, miss_mask=0
[TEST DATASET] size=40
[EVAL] Epoch 088, train_loss=0.062147, Dice=0.910679, n=40
[LR] Epoch 089, lr=0.00010000
2026-06-17 09:52:24.501254 Epoch [089/200], Step [0050/0136], loss=0.0761, bce=0.0379, dice_loss=0.0383, max_mem=3537.92 MB
2026-06-17 09:52:31.289472 Epoch [089/200], Step [0100/0136], loss=0.0729, bce=0.0418, dice_loss=0.0311, max_mem=3537.92 MB
2026-06-17 09:52:36.159215 Epoch [089/200], Step [0136/0136], loss=0.0646, bce=0.0349, dice_loss=0.0297, max_mem=3537.92 MB
[TIME] Epoch 089, time=19.80s, total=1761.94s
[TXT LOAD] /data/zjy_work/data_txt/test_PH2.txt
  image_root: /data/zjy_work/PH2/test/Images
  gt_root   : /data/zjy_work/PH2/test/Masks
  mode      : ph2
  ids=40, pairs=40, miss_img=0, miss_mask=0
[TEST DATASET] size=40
[EVAL] Epoch 089, train_loss=0.064575, Dice=0.898382, n=40
[LR] Epoch 090, lr=0.00010000
2026-06-17 09:52:45.244238 Epoch [090/200], Step [0050/0136], loss=0.0626, bce=0.0335, dice_loss=0.0292, max_mem=3537.92 MB
2026-06-17 09:52:52.018137 Epoch [090/200], Step [0100/0136], loss=0.0781, bce=0.0468, dice_loss=0.0313, max_mem=3537.92 MB
2026-06-17 09:52:56.891552 Epoch [090/200], Step [0136/0136], loss=0.0830, bce=0.0464, dice_loss=0.0366, max_mem=3537.92 MB
[TIME] Epoch 090, time=19.77s, total=1781.71s
[TXT LOAD] /data/zjy_work/data_txt/test_PH2.txt
  image_root: /data/zjy_work/PH2/test/Images
  gt_root   : /data/zjy_work/PH2/test/Masks
  mode      : ph2
  ids=40, pairs=40, miss_img=0, miss_mask=0
[TEST DATASET] size=40
[EVAL] Epoch 090, train_loss=0.083015, Dice=0.910215, n=40
[LR] Epoch 091, lr=0.00010000
2026-06-17 09:53:06.027118 Epoch [091/200], Step [0050/0136], loss=0.0620, bce=0.0340, dice_loss=0.0280, max_mem=3537.92 MB
2026-06-17 09:53:12.826261 Epoch [091/200], Step [0100/0136], loss=0.0559, bce=0.0292, dice_loss=0.0267, max_mem=3537.92 MB
2026-06-17 09:53:17.706928 Epoch [091/200], Step [0136/0136], loss=0.0545, bce=0.0302, dice_loss=0.0243, max_mem=3537.92 MB
[TIME] Epoch 091, time=19.83s, total=1801.54s
[TXT LOAD] /data/zjy_work/data_txt/test_PH2.txt
  image_root: /data/zjy_work/PH2/test/Images
  gt_root   : /data/zjy_work/PH2/test/Masks
  mode      : ph2
  ids=40, pairs=40, miss_img=0, miss_mask=0
[TEST DATASET] size=40
[EVAL] Epoch 091, train_loss=0.054467, Dice=0.915381, n=40
[LR] Epoch 092, lr=0.00010000
2026-06-17 09:53:28.386584 Epoch [092/200], Step [0050/0136], loss=0.0496, bce=0.0256, dice_loss=0.0239, max_mem=3537.92 MB
2026-06-17 09:53:35.160811 Epoch [092/200], Step [0100/0136], loss=0.0564, bce=0.0305, dice_loss=0.0260, max_mem=3537.92 MB
2026-06-17 09:53:40.031788 Epoch [092/200], Step [0136/0136], loss=0.0521, bce=0.0282, dice_loss=0.0239, max_mem=3537.92 MB
[TIME] Epoch 092, time=19.87s, total=1821.41s
[TXT LOAD] /data/zjy_work/data_txt/test_PH2.txt
  image_root: /data/zjy_work/PH2/test/Images
  gt_root   : /data/zjy_work/PH2/test/Masks
  mode      : ph2
  ids=40, pairs=40, miss_img=0, miss_mask=0
[TEST DATASET] size=40
[EVAL] Epoch 092, train_loss=0.052130, Dice=0.905043, n=40
[LR] Epoch 093, lr=0.00010000
2026-06-17 09:53:50.950021 Epoch [093/200], Step [0050/0136], loss=0.0554, bce=0.0301, dice_loss=0.0253, max_mem=3537.92 MB
2026-06-17 09:53:57.725217 Epoch [093/200], Step [0100/0136], loss=0.0495, bce=0.0256, dice_loss=0.0239, max_mem=3537.92 MB
2026-06-17 09:54:02.601136 Epoch [093/200], Step [0136/0136], loss=0.0490, bce=0.0271, dice_loss=0.0220, max_mem=3537.92 MB
[TIME] Epoch 093, time=19.93s, total=1841.34s
[TXT LOAD] /data/zjy_work/data_txt/test_PH2.txt
  image_root: /data/zjy_work/PH2/test/Images
  gt_root   : /data/zjy_work/PH2/test/Masks
  mode      : ph2
  ids=40, pairs=40, miss_img=0, miss_mask=0
[TEST DATASET] size=40
[EVAL] Epoch 093, train_loss=0.049044, Dice=0.910089, n=40
[LR] Epoch 094, lr=0.00010000
2026-06-17 09:54:11.581797 Epoch [094/200], Step [0050/0136], loss=0.0473, bce=0.0252, dice_loss=0.0221, max_mem=3537.92 MB
2026-06-17 09:54:18.360314 Epoch [094/200], Step [0100/0136], loss=0.0529, bce=0.0284, dice_loss=0.0246, max_mem=3537.92 MB
2026-06-17 09:54:23.236582 Epoch [094/200], Step [0136/0136], loss=0.0487, bce=0.0261, dice_loss=0.0227, max_mem=3537.92 MB
[TIME] Epoch 094, time=19.68s, total=1861.03s
[TXT LOAD] /data/zjy_work/data_txt/test_PH2.txt
  image_root: /data/zjy_work/PH2/test/Images
  gt_root   : /data/zjy_work/PH2/test/Masks
  mode      : ph2
  ids=40, pairs=40, miss_img=0, miss_mask=0
[TEST DATASET] size=40
[EVAL] Epoch 094, train_loss=0.048744, Dice=0.911246, n=40
[LR] Epoch 095, lr=0.00010000
2026-06-17 09:54:32.289591 Epoch [095/200], Step [0050/0136], loss=0.0477, bce=0.0241, dice_loss=0.0235, max_mem=3537.92 MB
2026-06-17 09:54:39.094675 Epoch [095/200], Step [0100/0136], loss=0.0503, bce=0.0266, dice_loss=0.0237, max_mem=3537.92 MB
2026-06-17 09:54:43.974359 Epoch [095/200], Step [0136/0136], loss=0.0499, bce=0.0265, dice_loss=0.0234, max_mem=3537.92 MB
[TIME] Epoch 095, time=19.75s, total=1880.78s
[TXT LOAD] /data/zjy_work/data_txt/test_PH2.txt
  image_root: /data/zjy_work/PH2/test/Images
  gt_root   : /data/zjy_work/PH2/test/Masks
  mode      : ph2
  ids=40, pairs=40, miss_img=0, miss_mask=0
[TEST DATASET] size=40
[EVAL] Epoch 095, train_loss=0.049912, Dice=0.894093, n=40
[LR] Epoch 096, lr=0.00010000
2026-06-17 09:54:53.174377 Epoch [096/200], Step [0050/0136], loss=0.0453, bce=0.0229, dice_loss=0.0223, max_mem=3537.92 MB
2026-06-17 09:54:59.956438 Epoch [096/200], Step [0100/0136], loss=0.0467, bce=0.0248, dice_loss=0.0218, max_mem=3537.92 MB
2026-06-17 09:55:04.837687 Epoch [096/200], Step [0136/0136], loss=0.0487, bce=0.0268, dice_loss=0.0218, max_mem=3537.92 MB
[TIME] Epoch 096, time=19.89s, total=1900.67s
[TXT LOAD] /data/zjy_work/data_txt/test_PH2.txt
  image_root: /data/zjy_work/PH2/test/Images
  gt_root   : /data/zjy_work/PH2/test/Masks
  mode      : ph2
  ids=40, pairs=40, miss_img=0, miss_mask=0
[TEST DATASET] size=40
[EVAL] Epoch 096, train_loss=0.048668, Dice=0.916243, n=40
[LR] Epoch 097, lr=0.00010000
2026-06-17 09:55:13.991147 Epoch [097/200], Step [0050/0136], loss=0.0438, bce=0.0227, dice_loss=0.0211, max_mem=3537.92 MB
2026-06-17 09:55:20.760938 Epoch [097/200], Step [0100/0136], loss=0.0459, bce=0.0245, dice_loss=0.0213, max_mem=3537.92 MB
2026-06-17 09:55:25.634839 Epoch [097/200], Step [0136/0136], loss=0.0490, bce=0.0258, dice_loss=0.0232, max_mem=3537.92 MB
[TIME] Epoch 097, time=19.84s, total=1920.51s
[TXT LOAD] /data/zjy_work/data_txt/test_PH2.txt
  image_root: /data/zjy_work/PH2/test/Images
  gt_root   : /data/zjy_work/PH2/test/Masks
  mode      : ph2
  ids=40, pairs=40, miss_img=0, miss_mask=0
[TEST DATASET] size=40
[EVAL] Epoch 097, train_loss=0.048995, Dice=0.913298, n=40
[LR] Epoch 098, lr=0.00010000
2026-06-17 09:55:34.967957 Epoch [098/200], Step [0050/0136], loss=0.0479, bce=0.0256, dice_loss=0.0222, max_mem=3537.92 MB
2026-06-17 09:55:41.753691 Epoch [098/200], Step [0100/0136], loss=0.0533, bce=0.0292, dice_loss=0.0242, max_mem=3537.92 MB
2026-06-17 09:55:46.643515 Epoch [098/200], Step [0136/0136], loss=0.0509, bce=0.0265, dice_loss=0.0244, max_mem=3537.92 MB
[TIME] Epoch 098, time=19.92s, total=1940.42s
[TXT LOAD] /data/zjy_work/data_txt/test_PH2.txt
  image_root: /data/zjy_work/PH2/test/Images
  gt_root   : /data/zjy_work/PH2/test/Masks
  mode      : ph2
  ids=40, pairs=40, miss_img=0, miss_mask=0
[TEST DATASET] size=40
[EVAL] Epoch 098, train_loss=0.050923, Dice=0.911277, n=40
[LR] Epoch 099, lr=0.00010000
2026-06-17 09:55:55.915522 Epoch [099/200], Step [0050/0136], loss=0.0610, bce=0.0310, dice_loss=0.0300, max_mem=3537.92 MB
2026-06-17 09:56:02.713499 Epoch [099/200], Step [0100/0136], loss=0.0710, bce=0.0416, dice_loss=0.0294, max_mem=3537.92 MB
2026-06-17 09:56:07.590148 Epoch [099/200], Step [0136/0136], loss=0.0816, bce=0.0441, dice_loss=0.0375, max_mem=3537.92 MB
[TIME] Epoch 099, time=19.79s, total=1960.22s
[TXT LOAD] /data/zjy_work/data_txt/test_PH2.txt
  image_root: /data/zjy_work/PH2/test/Images
  gt_root   : /data/zjy_work/PH2/test/Masks
  mode      : ph2
  ids=40, pairs=40, miss_img=0, miss_mask=0
[TEST DATASET] size=40
[EVAL] Epoch 099, train_loss=0.081556, Dice=0.907879, n=40
[LR] Epoch 100, lr=0.00010000
2026-06-17 09:56:19.269066 Epoch [100/200], Step [0050/0136], loss=0.0778, bce=0.0427, dice_loss=0.0351, max_mem=3537.92 MB
2026-06-17 09:56:26.061021 Epoch [100/200], Step [0100/0136], loss=0.0679, bce=0.0358, dice_loss=0.0321, max_mem=3537.92 MB
2026-06-17 09:56:30.934373 Epoch [100/200], Step [0136/0136], loss=0.0561, bce=0.0310, dice_loss=0.0251, max_mem=3537.92 MB
[TIME] Epoch 100, time=19.77s, total=1979.99s
[TXT LOAD] /data/zjy_work/data_txt/test_PH2.txt
  image_root: /data/zjy_work/PH2/test/Images
  gt_root   : /data/zjy_work/PH2/test/Masks
  mode      : ph2
  ids=40, pairs=40, miss_img=0, miss_mask=0
[TEST DATASET] size=40
[EVAL] Epoch 100, train_loss=0.056149, Dice=0.917314, n=40
[BEST] Dice improved 0.916869 -> 0.917314
[LR] Epoch 101, lr=0.00010000
2026-06-17 09:56:45.874890 Epoch [101/200], Step [0050/0136], loss=0.0468, bce=0.0257, dice_loss=0.0211, max_mem=3537.92 MB
2026-06-17 09:56:52.650650 Epoch [101/200], Step [0100/0136], loss=0.0820, bce=0.0437, dice_loss=0.0383, max_mem=3537.92 MB
2026-06-17 09:56:57.514962 Epoch [101/200], Step [0136/0136], loss=0.0956, bce=0.0509, dice_loss=0.0447, max_mem=3537.92 MB
[TIME] Epoch 101, time=19.80s, total=1999.79s
[TXT LOAD] /data/zjy_work/data_txt/test_PH2.txt
  image_root: /data/zjy_work/PH2/test/Images
  gt_root   : /data/zjy_work/PH2/test/Masks
  mode      : ph2
  ids=40, pairs=40, miss_img=0, miss_mask=0
[TEST DATASET] size=40
[EVAL] Epoch 101, train_loss=0.095574, Dice=0.906993, n=40
[LR] Epoch 102, lr=0.00010000
2026-06-17 09:57:07.535711 Epoch [102/200], Step [0050/0136], loss=0.1143, bce=0.0626, dice_loss=0.0517, max_mem=3537.92 MB
2026-06-17 09:57:14.326329 Epoch [102/200], Step [0100/0136], loss=0.0891, bce=0.0493, dice_loss=0.0398, max_mem=3537.92 MB
2026-06-17 09:57:19.195570 Epoch [102/200], Step [0136/0136], loss=0.0666, bce=0.0351, dice_loss=0.0315, max_mem=3537.92 MB
[TIME] Epoch 102, time=19.69s, total=2019.48s
[TXT LOAD] /data/zjy_work/data_txt/test_PH2.txt
  image_root: /data/zjy_work/PH2/test/Images
  gt_root   : /data/zjy_work/PH2/test/Masks
  mode      : ph2
  ids=40, pairs=40, miss_img=0, miss_mask=0
[TEST DATASET] size=40
[EVAL] Epoch 102, train_loss=0.066622, Dice=0.882582, n=40
[LR] Epoch 103, lr=0.00010000
2026-06-17 09:57:28.345809 Epoch [103/200], Step [0050/0136], loss=0.0593, bce=0.0310, dice_loss=0.0283, max_mem=3537.92 MB
2026-06-17 09:57:35.113829 Epoch [103/200], Step [0100/0136], loss=0.0465, bce=0.0238, dice_loss=0.0227, max_mem=3537.92 MB
2026-06-17 09:57:39.980348 Epoch [103/200], Step [0136/0136], loss=0.0543, bce=0.0297, dice_loss=0.0247, max_mem=3537.92 MB
[TIME] Epoch 103, time=19.59s, total=2039.07s
[TXT LOAD] /data/zjy_work/data_txt/test_PH2.txt
  image_root: /data/zjy_work/PH2/test/Images
  gt_root   : /data/zjy_work/PH2/test/Masks
  mode      : ph2
  ids=40, pairs=40, miss_img=0, miss_mask=0
[TEST DATASET] size=40
[EVAL] Epoch 103, train_loss=0.054306, Dice=0.918176, n=40
[BEST] Dice improved 0.917314 -> 0.918176
[LR] Epoch 104, lr=0.00010000
2026-06-17 09:57:50.759282 Epoch [104/200], Step [0050/0136], loss=0.0537, bce=0.0259, dice_loss=0.0278, max_mem=3537.92 MB
2026-06-17 09:57:57.557498 Epoch [104/200], Step [0100/0136], loss=0.0480, bce=0.0248, dice_loss=0.0232, max_mem=3537.92 MB
2026-06-17 09:58:02.436682 Epoch [104/200], Step [0136/0136], loss=0.0455, bce=0.0251, dice_loss=0.0203, max_mem=3537.92 MB
[TIME] Epoch 104, time=19.78s, total=2058.84s
[TXT LOAD] /data/zjy_work/data_txt/test_PH2.txt
  image_root: /data/zjy_work/PH2/test/Images
  gt_root   : /data/zjy_work/PH2/test/Masks
  mode      : ph2
  ids=40, pairs=40, miss_img=0, miss_mask=0
[TEST DATASET] size=40
[EVAL] Epoch 104, train_loss=0.045455, Dice=0.911276, n=40
[LR] Epoch 105, lr=0.00010000
2026-06-17 09:58:11.939111 Epoch [105/200], Step [0050/0136], loss=0.0431, bce=0.0220, dice_loss=0.0211, max_mem=3537.92 MB
2026-06-17 09:58:18.722669 Epoch [105/200], Step [0100/0136], loss=0.0389, bce=0.0197, dice_loss=0.0192, max_mem=3537.92 MB
2026-06-17 09:58:23.597034 Epoch [105/200], Step [0136/0136], loss=0.0408, bce=0.0208, dice_loss=0.0201, max_mem=3537.92 MB
[TIME] Epoch 105, time=19.79s, total=2078.64s
[TXT LOAD] /data/zjy_work/data_txt/test_PH2.txt
  image_root: /data/zjy_work/PH2/test/Images
  gt_root   : /data/zjy_work/PH2/test/Masks
  mode      : ph2
  ids=40, pairs=40, miss_img=0, miss_mask=0
[TEST DATASET] size=40
[EVAL] Epoch 105, train_loss=0.040831, Dice=0.913714, n=40
[LR] Epoch 106, lr=0.00010000
2026-06-17 09:58:33.606974 Epoch [106/200], Step [0050/0136], loss=0.0423, bce=0.0226, dice_loss=0.0197, max_mem=3537.92 MB
2026-06-17 09:58:40.416180 Epoch [106/200], Step [0100/0136], loss=0.0399, bce=0.0201, dice_loss=0.0198, max_mem=3537.92 MB
2026-06-17 09:58:45.303461 Epoch [106/200], Step [0136/0136], loss=0.0386, bce=0.0195, dice_loss=0.0191, max_mem=3537.92 MB
[TIME] Epoch 106, time=19.82s, total=2098.46s
[TXT LOAD] /data/zjy_work/data_txt/test_PH2.txt
  image_root: /data/zjy_work/PH2/test/Images
  gt_root   : /data/zjy_work/PH2/test/Masks
  mode      : ph2
  ids=40, pairs=40, miss_img=0, miss_mask=0
[TEST DATASET] size=40
[EVAL] Epoch 106, train_loss=0.038608, Dice=0.919898, n=40
[BEST] Dice improved 0.918176 -> 0.919898
[LR] Epoch 107, lr=0.00010000
2026-06-17 09:58:55.764094 Epoch [107/200], Step [0050/0136], loss=0.0403, bce=0.0209, dice_loss=0.0194, max_mem=3537.92 MB
2026-06-17 09:59:02.547672 Epoch [107/200], Step [0100/0136], loss=0.0392, bce=0.0195, dice_loss=0.0196, max_mem=3537.92 MB
2026-06-17 09:59:07.425498 Epoch [107/200], Step [0136/0136], loss=0.0373, bce=0.0193, dice_loss=0.0181, max_mem=3537.92 MB
[TIME] Epoch 107, time=19.74s, total=2118.20s
[TXT LOAD] /data/zjy_work/data_txt/test_PH2.txt
  image_root: /data/zjy_work/PH2/test/Images
  gt_root   : /data/zjy_work/PH2/test/Masks
  mode      : ph2
  ids=40, pairs=40, miss_img=0, miss_mask=0
[TEST DATASET] size=40
[EVAL] Epoch 107, train_loss=0.037321, Dice=0.916984, n=40
[LR] Epoch 108, lr=0.00010000
2026-06-17 09:59:22.240527 Epoch [108/200], Step [0050/0136], loss=0.0399, bce=0.0198, dice_loss=0.0201, max_mem=3537.92 MB
2026-06-17 09:59:29.014783 Epoch [108/200], Step [0100/0136], loss=0.0402, bce=0.0217, dice_loss=0.0185, max_mem=3537.92 MB
2026-06-17 09:59:33.891644 Epoch [108/200], Step [0136/0136], loss=0.0847, bce=0.0500, dice_loss=0.0347, max_mem=3537.92 MB
[TIME] Epoch 108, time=20.02s, total=2138.22s
[TXT LOAD] /data/zjy_work/data_txt/test_PH2.txt
  image_root: /data/zjy_work/PH2/test/Images
  gt_root   : /data/zjy_work/PH2/test/Masks
  mode      : ph2
  ids=40, pairs=40, miss_img=0, miss_mask=0
[TEST DATASET] size=40
[EVAL] Epoch 108, train_loss=0.084691, Dice=0.837699, n=40
[LR] Epoch 109, lr=0.00010000
2026-06-17 09:59:43.158034 Epoch [109/200], Step [0050/0136], loss=0.2489, bce=0.1382, dice_loss=0.1107, max_mem=3537.92 MB
2026-06-17 09:59:49.940407 Epoch [109/200], Step [0100/0136], loss=0.1677, bce=0.0954, dice_loss=0.0724, max_mem=3537.92 MB
2026-06-17 09:59:54.814482 Epoch [109/200], Step [0136/0136], loss=0.0875, bce=0.0473, dice_loss=0.0402, max_mem=3537.92 MB
[TIME] Epoch 109, time=19.70s, total=2157.92s
[TXT LOAD] /data/zjy_work/data_txt/test_PH2.txt
  image_root: /data/zjy_work/PH2/test/Images
  gt_root   : /data/zjy_work/PH2/test/Masks
  mode      : ph2
  ids=40, pairs=40, miss_img=0, miss_mask=0
[TEST DATASET] size=40
[EVAL] Epoch 109, train_loss=0.087506, Dice=0.899745, n=40
[LR] Epoch 110, lr=0.00010000
2026-06-17 10:00:04.727431 Epoch [110/200], Step [0050/0136], loss=0.0547, bce=0.0288, dice_loss=0.0259, max_mem=3537.92 MB
2026-06-17 10:00:11.501442 Epoch [110/200], Step [0100/0136], loss=0.0641, bce=0.0332, dice_loss=0.0309, max_mem=3537.92 MB
2026-06-17 10:00:16.368129 Epoch [110/200], Step [0136/0136], loss=0.0604, bce=0.0320, dice_loss=0.0284, max_mem=3537.92 MB
[TIME] Epoch 110, time=19.77s, total=2177.68s
[TXT LOAD] /data/zjy_work/data_txt/test_PH2.txt
  image_root: /data/zjy_work/PH2/test/Images
  gt_root   : /data/zjy_work/PH2/test/Masks
  mode      : ph2
  ids=40, pairs=40, miss_img=0, miss_mask=0
[TEST DATASET] size=40
[EVAL] Epoch 110, train_loss=0.060405, Dice=0.917637, n=40
[LR] Epoch 111, lr=0.00010000
2026-06-17 10:00:26.914662 Epoch [111/200], Step [0050/0136], loss=0.0437, bce=0.0233, dice_loss=0.0204, max_mem=3537.92 MB
2026-06-17 10:00:33.688625 Epoch [111/200], Step [0100/0136], loss=0.0421, bce=0.0205, dice_loss=0.0216, max_mem=3537.92 MB
2026-06-17 10:00:38.560218 Epoch [111/200], Step [0136/0136], loss=0.0435, bce=0.0228, dice_loss=0.0208, max_mem=3537.92 MB
[TIME] Epoch 111, time=19.85s, total=2197.53s
[TXT LOAD] /data/zjy_work/data_txt/test_PH2.txt
  image_root: /data/zjy_work/PH2/test/Images
  gt_root   : /data/zjy_work/PH2/test/Masks
  mode      : ph2
  ids=40, pairs=40, miss_img=0, miss_mask=0
[TEST DATASET] size=40
[EVAL] Epoch 111, train_loss=0.043537, Dice=0.886480, n=40
[LR] Epoch 112, lr=0.00010000
2026-06-17 10:00:53.330480 Epoch [112/200], Step [0050/0136], loss=0.0542, bce=0.0295, dice_loss=0.0247, max_mem=3537.92 MB
2026-06-17 10:01:00.090534 Epoch [112/200], Step [0100/0136], loss=0.0474, bce=0.0251, dice_loss=0.0222, max_mem=3537.92 MB
2026-06-17 10:01:04.949615 Epoch [112/200], Step [0136/0136], loss=0.0496, bce=0.0264, dice_loss=0.0232, max_mem=3537.92 MB
[TIME] Epoch 112, time=19.84s, total=2217.37s
[TXT LOAD] /data/zjy_work/data_txt/test_PH2.txt
  image_root: /data/zjy_work/PH2/test/Images
  gt_root   : /data/zjy_work/PH2/test/Masks
  mode      : ph2
  ids=40, pairs=40, miss_img=0, miss_mask=0
[TEST DATASET] size=40
[EVAL] Epoch 112, train_loss=0.049609, Dice=0.914146, n=40
[LR] Epoch 113, lr=0.00010000
2026-06-17 10:01:15.074716 Epoch [113/200], Step [0050/0136], loss=0.0379, bce=0.0191, dice_loss=0.0189, max_mem=3537.92 MB
2026-06-17 10:01:21.853306 Epoch [113/200], Step [0100/0136], loss=0.0414, bce=0.0227, dice_loss=0.0186, max_mem=3537.92 MB
2026-06-17 10:01:26.722214 Epoch [113/200], Step [0136/0136], loss=0.0403, bce=0.0206, dice_loss=0.0197, max_mem=3537.92 MB
[TIME] Epoch 113, time=19.78s, total=2237.15s
[TXT LOAD] /data/zjy_work/data_txt/test_PH2.txt
  image_root: /data/zjy_work/PH2/test/Images
  gt_root   : /data/zjy_work/PH2/test/Masks
  mode      : ph2
  ids=40, pairs=40, miss_img=0, miss_mask=0
[TEST DATASET] size=40
[EVAL] Epoch 113, train_loss=0.040276, Dice=0.914112, n=40
[LR] Epoch 114, lr=0.00010000
2026-06-17 10:01:37.418874 Epoch [114/200], Step [0050/0136], loss=0.0378, bce=0.0194, dice_loss=0.0183, max_mem=3537.92 MB
2026-06-17 10:01:44.199526 Epoch [114/200], Step [0100/0136], loss=0.0365, bce=0.0181, dice_loss=0.0184, max_mem=3537.92 MB
2026-06-17 10:01:49.066681 Epoch [114/200], Step [0136/0136], loss=0.0416, bce=0.0226, dice_loss=0.0191, max_mem=3537.92 MB
[TIME] Epoch 114, time=19.86s, total=2257.01s
[TXT LOAD] /data/zjy_work/data_txt/test_PH2.txt
  image_root: /data/zjy_work/PH2/test/Images
  gt_root   : /data/zjy_work/PH2/test/Masks
  mode      : ph2
  ids=40, pairs=40, miss_img=0, miss_mask=0
[TEST DATASET] size=40
[EVAL] Epoch 114, train_loss=0.041616, Dice=0.911161, n=40
[LR] Epoch 115, lr=0.00010000
2026-06-17 10:01:58.803479 Epoch [115/200], Step [0050/0136], loss=0.0353, bce=0.0188, dice_loss=0.0166, max_mem=3537.92 MB
2026-06-17 10:02:05.583482 Epoch [115/200], Step [0100/0136], loss=0.0387, bce=0.0200, dice_loss=0.0187, max_mem=3537.92 MB
2026-06-17 10:02:10.451810 Epoch [115/200], Step [0136/0136], loss=0.0382, bce=0.0194, dice_loss=0.0188, max_mem=3537.92 MB
[TIME] Epoch 115, time=19.84s, total=2276.86s
[TXT LOAD] /data/zjy_work/data_txt/test_PH2.txt
  image_root: /data/zjy_work/PH2/test/Images
  gt_root   : /data/zjy_work/PH2/test/Masks
  mode      : ph2
  ids=40, pairs=40, miss_img=0, miss_mask=0
[TEST DATASET] size=40
[EVAL] Epoch 115, train_loss=0.038207, Dice=0.912408, n=40
[LR] Epoch 116, lr=0.00010000
2026-06-17 10:02:24.740388 Epoch [116/200], Step [0050/0136], loss=0.0347, bce=0.0175, dice_loss=0.0172, max_mem=3537.92 MB
2026-06-17 10:02:31.505855 Epoch [116/200], Step [0100/0136], loss=0.0378, bce=0.0212, dice_loss=0.0166, max_mem=3537.92 MB
2026-06-17 10:02:36.371246 Epoch [116/200], Step [0136/0136], loss=0.0453, bce=0.0219, dice_loss=0.0234, max_mem=3537.92 MB
[TIME] Epoch 116, time=19.71s, total=2296.56s
[TXT LOAD] /data/zjy_work/data_txt/test_PH2.txt
  image_root: /data/zjy_work/PH2/test/Images
  gt_root   : /data/zjy_work/PH2/test/Masks
  mode      : ph2
  ids=40, pairs=40, miss_img=0, miss_mask=0
[TEST DATASET] size=40
[EVAL] Epoch 116, train_loss=0.045258, Dice=0.916258, n=40
[LR] Epoch 117, lr=0.00010000
2026-06-17 10:02:49.344147 Epoch [117/200], Step [0050/0136], loss=0.0375, bce=0.0194, dice_loss=0.0181, max_mem=3537.92 MB
2026-06-17 10:02:56.120744 Epoch [117/200], Step [0100/0136], loss=0.0366, bce=0.0199, dice_loss=0.0167, max_mem=3537.92 MB
2026-06-17 10:03:00.991697 Epoch [117/200], Step [0136/0136], loss=0.0382, bce=0.0192, dice_loss=0.0190, max_mem=3537.92 MB
[TIME] Epoch 117, time=19.71s, total=2316.27s
[TXT LOAD] /data/zjy_work/data_txt/test_PH2.txt
  image_root: /data/zjy_work/PH2/test/Images
  gt_root   : /data/zjy_work/PH2/test/Masks
  mode      : ph2
  ids=40, pairs=40, miss_img=0, miss_mask=0
[TEST DATASET] size=40
[EVAL] Epoch 117, train_loss=0.038214, Dice=0.908979, n=40
[LR] Epoch 118, lr=0.00010000
2026-06-17 10:03:14.195060 Epoch [118/200], Step [0050/0136], loss=0.0357, bce=0.0180, dice_loss=0.0177, max_mem=3537.92 MB
2026-06-17 10:03:20.968744 Epoch [118/200], Step [0100/0136], loss=0.0371, bce=0.0181, dice_loss=0.0191, max_mem=3537.92 MB
2026-06-17 10:03:25.828126 Epoch [118/200], Step [0136/0136], loss=0.0340, bce=0.0177, dice_loss=0.0164, max_mem=3537.92 MB
[TIME] Epoch 118, time=19.71s, total=2335.98s
[TXT LOAD] /data/zjy_work/data_txt/test_PH2.txt
  image_root: /data/zjy_work/PH2/test/Images
  gt_root   : /data/zjy_work/PH2/test/Masks
  mode      : ph2
  ids=40, pairs=40, miss_img=0, miss_mask=0
[TEST DATASET] size=40
[EVAL] Epoch 118, train_loss=0.034047, Dice=0.910933, n=40
[LR] Epoch 119, lr=0.00010000
2026-06-17 10:03:39.321778 Epoch [119/200], Step [0050/0136], loss=0.0337, bce=0.0174, dice_loss=0.0163, max_mem=3537.92 MB
2026-06-17 10:03:46.098667 Epoch [119/200], Step [0100/0136], loss=0.0344, bce=0.0180, dice_loss=0.0164, max_mem=3537.92 MB
2026-06-17 10:03:50.973383 Epoch [119/200], Step [0136/0136], loss=0.0334, bce=0.0171, dice_loss=0.0163, max_mem=3537.92 MB
[TIME] Epoch 119, time=19.85s, total=2355.84s
[TXT LOAD] /data/zjy_work/data_txt/test_PH2.txt
  image_root: /data/zjy_work/PH2/test/Images
  gt_root   : /data/zjy_work/PH2/test/Masks
  mode      : ph2
  ids=40, pairs=40, miss_img=0, miss_mask=0
[TEST DATASET] size=40
[EVAL] Epoch 119, train_loss=0.033428, Dice=0.912381, n=40
[LR] Epoch 120, lr=0.00010000
2026-06-17 10:04:00.782616 Epoch [120/200], Step [0050/0136], loss=0.0335, bce=0.0162, dice_loss=0.0174, max_mem=3537.92 MB
2026-06-17 10:04:07.568790 Epoch [120/200], Step [0100/0136], loss=0.0369, bce=0.0182, dice_loss=0.0188, max_mem=3537.92 MB
2026-06-17 10:04:12.455582 Epoch [120/200], Step [0136/0136], loss=0.0344, bce=0.0193, dice_loss=0.0151, max_mem=3537.92 MB
[TIME] Epoch 120, time=19.82s, total=2375.66s
[TXT LOAD] /data/zjy_work/data_txt/test_PH2.txt
  image_root: /data/zjy_work/PH2/test/Images
  gt_root   : /data/zjy_work/PH2/test/Masks
  mode      : ph2
  ids=40, pairs=40, miss_img=0, miss_mask=0
[TEST DATASET] size=40
[EVAL] Epoch 120, train_loss=0.034376, Dice=0.913265, n=40
[LR] Epoch 121, lr=0.00010000
2026-06-17 10:04:22.120291 Epoch [121/200], Step [0050/0136], loss=0.0340, bce=0.0165, dice_loss=0.0175, max_mem=3537.92 MB
2026-06-17 10:04:28.917406 Epoch [121/200], Step [0100/0136], loss=0.0332, bce=0.0181, dice_loss=0.0151, max_mem=3537.92 MB
2026-06-17 10:04:33.793906 Epoch [121/200], Step [0136/0136], loss=0.0300, bce=0.0146, dice_loss=0.0154, max_mem=3537.92 MB
[TIME] Epoch 121, time=19.93s, total=2395.59s
[TXT LOAD] /data/zjy_work/data_txt/test_PH2.txt
  image_root: /data/zjy_work/PH2/test/Images
  gt_root   : /data/zjy_work/PH2/test/Masks
  mode      : ph2
  ids=40, pairs=40, miss_img=0, miss_mask=0
[TEST DATASET] size=40
[EVAL] Epoch 121, train_loss=0.030042, Dice=0.909391, n=40
[LR] Epoch 122, lr=0.00010000
2026-06-17 10:04:47.057651 Epoch [122/200], Step [0050/0136], loss=0.0305, bce=0.0157, dice_loss=0.0148, max_mem=3537.92 MB
2026-06-17 10:04:53.842088 Epoch [122/200], Step [0100/0136], loss=0.0345, bce=0.0175, dice_loss=0.0170, max_mem=3537.92 MB
2026-06-17 10:04:58.720735 Epoch [122/200], Step [0136/0136], loss=0.0348, bce=0.0178, dice_loss=0.0171, max_mem=3537.92 MB
[TIME] Epoch 122, time=19.94s, total=2415.53s
[TXT LOAD] /data/zjy_work/data_txt/test_PH2.txt
  image_root: /data/zjy_work/PH2/test/Images
  gt_root   : /data/zjy_work/PH2/test/Masks
  mode      : ph2
  ids=40, pairs=40, miss_img=0, miss_mask=0
[TEST DATASET] size=40
[EVAL] Epoch 122, train_loss=0.034839, Dice=0.920985, n=40
[BEST] Dice improved 0.919898 -> 0.920985
[LR] Epoch 123, lr=0.00010000
2026-06-17 10:05:12.539020 Epoch [123/200], Step [0050/0136], loss=0.0318, bce=0.0164, dice_loss=0.0154, max_mem=3537.92 MB
2026-06-17 10:05:19.304524 Epoch [123/200], Step [0100/0136], loss=0.0321, bce=0.0158, dice_loss=0.0162, max_mem=3537.92 MB
2026-06-17 10:05:24.173128 Epoch [123/200], Step [0136/0136], loss=0.0322, bce=0.0169, dice_loss=0.0153, max_mem=3537.92 MB
[TIME] Epoch 123, time=19.99s, total=2435.52s
[TXT LOAD] /data/zjy_work/data_txt/test_PH2.txt
  image_root: /data/zjy_work/PH2/test/Images
  gt_root   : /data/zjy_work/PH2/test/Masks
  mode      : ph2
  ids=40, pairs=40, miss_img=0, miss_mask=0
[TEST DATASET] size=40
[EVAL] Epoch 123, train_loss=0.032177, Dice=0.910849, n=40
[LR] Epoch 124, lr=0.00010000
2026-06-17 10:05:33.729810 Epoch [124/200], Step [0050/0136], loss=0.0295, bce=0.0140, dice_loss=0.0155, max_mem=3537.92 MB
2026-06-17 10:05:40.504006 Epoch [124/200], Step [0100/0136], loss=0.0313, bce=0.0170, dice_loss=0.0143, max_mem=3537.92 MB
2026-06-17 10:05:45.369009 Epoch [124/200], Step [0136/0136], loss=0.0306, bce=0.0155, dice_loss=0.0151, max_mem=3537.92 MB
[TIME] Epoch 124, time=19.74s, total=2455.26s
[TXT LOAD] /data/zjy_work/data_txt/test_PH2.txt
  image_root: /data/zjy_work/PH2/test/Images
  gt_root   : /data/zjy_work/PH2/test/Masks
  mode      : ph2
  ids=40, pairs=40, miss_img=0, miss_mask=0
[TEST DATASET] size=40
[EVAL] Epoch 124, train_loss=0.030617, Dice=0.911690, n=40
[LR] Epoch 125, lr=0.00010000
2026-06-17 10:06:00.138426 Epoch [125/200], Step [0050/0136], loss=0.0314, bce=0.0152, dice_loss=0.0162, max_mem=3537.92 MB
2026-06-17 10:06:06.925412 Epoch [125/200], Step [0100/0136], loss=0.0324, bce=0.0164, dice_loss=0.0160, max_mem=3537.92 MB
2026-06-17 10:06:11.791420 Epoch [125/200], Step [0136/0136], loss=0.0307, bce=0.0159, dice_loss=0.0148, max_mem=3537.92 MB
[TIME] Epoch 125, time=19.85s, total=2475.12s
[TXT LOAD] /data/zjy_work/data_txt/test_PH2.txt
  image_root: /data/zjy_work/PH2/test/Images
  gt_root   : /data/zjy_work/PH2/test/Masks
  mode      : ph2
  ids=40, pairs=40, miss_img=0, miss_mask=0
[TEST DATASET] size=40
[EVAL] Epoch 125, train_loss=0.030656, Dice=0.913409, n=40
[LR] Epoch 126, lr=0.00010000
2026-06-17 10:06:26.625252 Epoch [126/200], Step [0050/0136], loss=0.0311, bce=0.0162, dice_loss=0.0150, max_mem=3537.92 MB
2026-06-17 10:06:33.399196 Epoch [126/200], Step [0100/0136], loss=0.0297, bce=0.0143, dice_loss=0.0154, max_mem=3537.92 MB
2026-06-17 10:06:38.268891 Epoch [126/200], Step [0136/0136], loss=0.0290, bce=0.0151, dice_loss=0.0139, max_mem=3537.92 MB
[TIME] Epoch 126, time=19.99s, total=2495.10s
[TXT LOAD] /data/zjy_work/data_txt/test_PH2.txt
  image_root: /data/zjy_work/PH2/test/Images
  gt_root   : /data/zjy_work/PH2/test/Masks
  mode      : ph2
  ids=40, pairs=40, miss_img=0, miss_mask=0
[TEST DATASET] size=40
[EVAL] Epoch 126, train_loss=0.028957, Dice=0.916536, n=40
[LR] Epoch 127, lr=0.00010000
2026-06-17 10:06:51.340832 Epoch [127/200], Step [0050/0136], loss=0.0286, bce=0.0141, dice_loss=0.0145, max_mem=3537.92 MB
2026-06-17 10:06:58.113247 Epoch [127/200], Step [0100/0136], loss=0.0295, bce=0.0150, dice_loss=0.0145, max_mem=3537.92 MB
2026-06-17 10:07:02.984703 Epoch [127/200], Step [0136/0136], loss=0.0307, bce=0.0150, dice_loss=0.0157, max_mem=3537.92 MB
[TIME] Epoch 127, time=19.61s, total=2514.71s
[TXT LOAD] /data/zjy_work/data_txt/test_PH2.txt
  image_root: /data/zjy_work/PH2/test/Images
  gt_root   : /data/zjy_work/PH2/test/Masks
  mode      : ph2
  ids=40, pairs=40, miss_img=0, miss_mask=0
[TEST DATASET] size=40
[EVAL] Epoch 127, train_loss=0.030694, Dice=0.913103, n=40
[LR] Epoch 128, lr=0.00010000
2026-06-17 10:07:12.008735 Epoch [128/200], Step [0050/0136], loss=0.0293, bce=0.0144, dice_loss=0.0149, max_mem=3537.92 MB
2026-06-17 10:07:18.800631 Epoch [128/200], Step [0100/0136], loss=0.0285, bce=0.0140, dice_loss=0.0144, max_mem=3537.92 MB
2026-06-17 10:07:23.672111 Epoch [128/200], Step [0136/0136], loss=0.0313, bce=0.0169, dice_loss=0.0144, max_mem=3537.92 MB
[TIME] Epoch 128, time=19.67s, total=2534.38s
[TXT LOAD] /data/zjy_work/data_txt/test_PH2.txt
  image_root: /data/zjy_work/PH2/test/Images
  gt_root   : /data/zjy_work/PH2/test/Masks
  mode      : ph2
  ids=40, pairs=40, miss_img=0, miss_mask=0
[TEST DATASET] size=40
[EVAL] Epoch 128, train_loss=0.031316, Dice=0.916479, n=40
[LR] Epoch 129, lr=0.00010000
2026-06-17 10:07:33.749981 Epoch [129/200], Step [0050/0136], loss=0.0312, bce=0.0151, dice_loss=0.0161, max_mem=3537.92 MB
