[INFO] Using device: cuda:0
[INFO] Model: unet
[TXT LOAD] /data/zjy_work/data_txt/train_PH2_5p.txt
  image_root: /data/zjy_work/PH2/train/Images
  gt_root   : /data/zjy_work/PH2/train/Masks
  mode      : isic
  ids=160, pairs=0, miss_img=0, miss_mask=160
[TXT LOAD] /data/zjy_work/data_txt/train_PH2_hard_real5_syn15_seed0.txt
  image_root: /data/zjy_work/BGDiff/Ours/ablation_sbg/results/hard_real5_syn15/images
  gt_root   : /data/zjy_work/BGDiff/Ours/ablation_sbg/results/hard_real5_syn15/masks
  mode      : paired
  ids=387, pairs=387, miss_img=0, miss_mask=0
[FILTER] valid=387, drop_size_mismatch=0
[TRAIN DATASET] augmentation=False
[TRAIN DATASET] total size=387
[INFO] image_roots = ['/data/zjy_work/PH2/train/Images', '/data/zjy_work/BGDiff/Ours/ablation_sbg/results/hard_real5_syn15/images']
[INFO] gt_roots    = ['/data/zjy_work/PH2/train/Masks', '/data/zjy_work/BGDiff/Ours/ablation_sbg/results/hard_real5_syn15/masks']
[INFO] list_txts   = ['/data/zjy_work/data_txt/train_PH2_5p.txt', '/data/zjy_work/data_txt/train_PH2_hard_real5_syn15_seed0.txt']
[INFO] modes       = ['isic', 'paired']
[INFO] total_step  = 96
#################### Start Training unet ####################
[LR] Epoch 001, lr=0.00010000
2026-06-15 17:19:24.154191 Epoch [001/200], Step [0050/0096], loss=0.7211, bce=0.3568, dice_loss=0.3643, max_mem=9534.03 MB
2026-06-15 17:19:30.303816 Epoch [001/200], Step [0096/0096], loss=0.5341, bce=0.2615, dice_loss=0.2726, max_mem=9534.03 MB
[TIME] Epoch 001, time=19.02s, total=19.02s
[TXT LOAD] /data/zjy_work/data_txt/test_PH2.txt
  image_root: /data/zjy_work/PH2/test/Images
  gt_root   : /data/zjy_work/PH2/test/Masks
  mode      : isic
  ids=40, pairs=0, miss_img=0, miss_mask=40
[TEST DATASET] size=0
[WARN] test_loader.size == 0，请检查 test_list、Images/Masks 路径和命名规则
[LR] Epoch 002, lr=0.00010000
2026-06-15 17:19:38.666567 Epoch [002/200], Step [0050/0096], loss=0.4888, bce=0.2499, dice_loss=0.2389, max_mem=3537.92 MB
2026-06-15 17:19:44.823831 Epoch [002/200], Step [0096/0096], loss=0.4524, bce=0.2155, dice_loss=0.2370, max_mem=3537.92 MB
[TIME] Epoch 002, time=14.32s, total=33.34s
[TXT LOAD] /data/zjy_work/data_txt/test_PH2.txt
  image_root: /data/zjy_work/PH2/test/Images
  gt_root   : /data/zjy_work/PH2/test/Masks
  mode      : isic
  ids=40, pairs=0, miss_img=0, miss_mask=40
[TEST DATASET] size=0
[WARN] test_loader.size == 0，请检查 test_list、Images/Masks 路径和命名规则
[LR] Epoch 003, lr=0.00010000
2026-06-15 17:19:54.200962 Epoch [003/200], Step [0050/0096], loss=0.4247, bce=0.2280, dice_loss=0.1967, max_mem=3537.92 MB
